This is pdfTeX, Version 3.141592653-2.6-1.40.24 (TeX Live 2022/Homebrew) (preloaded format=pdflatex 2022.8.31)  4 SEP 2022 23:56
entering extended mode
 restricted \write18 enabled.
 %&-line parsing enabled.
**main.tex
(./main.tex
LaTeX2e <2021-11-15> patch level 1
L3 programming layer <2022-02-24>
(/opt/homebrew/Cellar/texlive/20220321_2/share/texmf-dist/tex/latex/koma-script
/scrartcl.cls
Document Class: scrartcl 2021/11/13 v3.35 KOMA-Script document class (article)

(/opt/homebrew/Cellar/texlive/20220321_2/share/texmf-dist/tex/latex/koma-script
/scrkbase.sty
Package: scrkbase 2021/11/13 v3.35 KOMA-Script package (KOMA-Script-dependent b
asics and keyval usage)

(/opt/homebrew/Cellar/texlive/20220321_2/share/texmf-dist/tex/latex/koma-script
/scrbase.sty
Package: scrbase 2021/11/13 v3.35 KOMA-Script package (KOMA-Script-independent 
basics and keyval usage)

(/opt/homebrew/Cellar/texlive/20220321_2/share/texmf-dist/tex/latex/koma-script
/scrlfile.sty
Package: scrlfile 2021/11/13 v3.35 KOMA-Script package (file load hooks)

(/opt/homebrew/Cellar/texlive/20220321_2/share/texmf-dist/tex/latex/koma-script
/scrlfile-hook.sty
Package: scrlfile-hook 2021/11/13 v3.35 KOMA-Script package (using LaTeX hooks)


(/opt/homebrew/Cellar/texlive/20220321_2/share/texmf-dist/tex/latex/koma-script
/scrlogo.sty
Package: scrlogo 2021/11/13 v3.35 KOMA-Script package (logo)
)))
(/opt/homebrew/Cellar/texlive/20220321_2/share/texmf-dist/tex/latex/graphics/ke
yval.sty
Package: keyval 2014/10/28 v1.15 key=value parser (DPC)
\KV@toks@=\toks16
)
Applying: [2021/05/01] Usage of raw or classic option list on input line 252.
Already applied: [0000/00/00] Usage of raw or classic option list on input line
 368.
))
(/opt/homebrew/Cellar/texlive/20220321_2/share/texmf-dist/tex/latex/koma-script
/tocbasic.sty
Package: tocbasic 2021/11/13 v3.35 KOMA-Script package (handling toc-files)
\scr@dte@tocline@numberwidth=\skip47
\scr@dte@tocline@numbox=\box50
)
Package tocbasic Info: babel extension for `toc' omitted
(tocbasic)             because of missing \bbl@set@language on input line 135.
Package scrartcl Info: You've used standard option `12pt'.
(scrartcl)             This is correct!
(scrartcl)             Internally I'm using `fontsize=12pt'.
(scrartcl)             If you'd like to set the option with \KOMAoptions,
(scrartcl)             you'd have to use `fontsize=12pt' there
(scrartcl)             instead of `12pt', too.
Class scrartcl Info: File `scrsize12pt.clo' used to setup font sizes on input l
ine 2242.

(/opt/homebrew/Cellar/texlive/20220321_2/share/texmf-dist/tex/latex/koma-script
/scrsize12pt.clo
File: scrsize12pt.clo 2021/11/13 v3.35 KOMA-Script font size class option (12pt
)
)
(/opt/homebrew/Cellar/texlive/20220321_2/share/texmf-dist/tex/latex/koma-script
/typearea.sty
Package: typearea 2021/11/13 v3.35 KOMA-Script package (type area)
\ta@bcor=\skip48
\ta@div=\count185
Package typearea Info: You've used standard option `letterpaper'.
(typearea)             This is correct!
(typearea)             Internally I'm using `paper=letter'.
(typearea)             If you'd like to set the option with \KOMAoptions,
(typearea)             you'd have to use `paper=letter' there
(typearea)             instead of `letterpaper', too.
\ta@hblk=\skip49
\ta@vblk=\skip50
\ta@temp=\skip51
\footheight=\skip52
Package typearea Info: With paper sizes other than (almost) `A4' predefined
(typearea)             DIV values do not exist. Using DIV calculation for good
(typearea)             line width (unless using `version=3.24` or prior).

DIV calculation for typearea with good linewidth.
Package typearea Info: These are the values describing the layout:
(typearea)             DIV  = 8
(typearea)             BCOR = 0.0pt
(typearea)             \paperwidth      = 614.295pt
(typearea)              \textwidth      = 383.9344pt
(typearea)              DIV departure   = 1%
(typearea)              \evensidemargin = 42.91031pt
(typearea)              \oddsidemargin  = 42.91031pt
(typearea)             \paperheight     = 794.96999pt
(typearea)              \textheight     = 505.0pt
(typearea)              \topmargin      = -12.77374pt
(typearea)              \headheight     = 18.125pt
(typearea)              \headsep        = 21.75pt
(typearea)              \topskip        = 12.0pt
(typearea)              \footskip       = 50.75pt
(typearea)              \baselineskip   = 14.5pt
(typearea)              on input line 1743.
)
\c@part=\count186
\c@section=\count187
\c@subsection=\count188
\c@subsubsection=\count189
\c@paragraph=\count190
\c@subparagraph=\count191
\scr@dte@section@maxnumwidth=\skip53
Class scrartcl Info: using compatibility default `runin=bysign'
(scrartcl)           for `\section on input line 4852.
Class scrartcl Info: using compatibility default `afterindent=bysign'
(scrartcl)           for `\section on input line 4852.
\scr@dte@part@maxnumwidth=\skip54
Class scrartcl Info: using compatibility default `afterindent=false'
(scrartcl)           for `\part on input line 4860.
\scr@dte@subsection@maxnumwidth=\skip55
Class scrartcl Info: using compatibility default `runin=bysign'
(scrartcl)           for `\subsection on input line 4870.
Class scrartcl Info: using compatibility default `afterindent=bysign'
(scrartcl)           for `\subsection on input line 4870.
\scr@dte@subsubsection@maxnumwidth=\skip56
Class scrartcl Info: using compatibility default `runin=bysign'
(scrartcl)           for `\subsubsection on input line 4880.
Class scrartcl Info: using compatibility default `afterindent=bysign'
(scrartcl)           for `\subsubsection on input line 4880.
\scr@dte@paragraph@maxnumwidth=\skip57
Class scrartcl Info: using compatibility default `runin=bysign'
(scrartcl)           for `\paragraph on input line 4891.
Class scrartcl Info: using compatibility default `afterindent=bysign'
(scrartcl)           for `\paragraph on input line 4891.
\scr@dte@subparagraph@maxnumwidth=\skip58
Class scrartcl Info: using compatibility default `runin=bysign'
(scrartcl)           for `\subparagraph on input line 4901.
Class scrartcl Info: using compatibility default `afterindent=bysign'
(scrartcl)           for `\subparagraph on input line 4901.
\abovecaptionskip=\skip59
\belowcaptionskip=\skip60
\c@pti@nb@sid@b@x=\box51
Package tocbasic Info: babel extension for `lof' omitted
(tocbasic)             because of missing \bbl@set@language on input line 6076.

\scr@dte@figure@maxnumwidth=\skip61
\c@figure=\count192
Package tocbasic Info: babel extension for `lot' omitted
(tocbasic)             because of missing \bbl@set@language on input line 6091.

\scr@dte@table@maxnumwidth=\skip62
\c@table=\count193
Class scrartcl Info: Redefining `\numberline' on input line 6258.
\bibindent=\dimen138
) (./beel.sty
Package: beel 

(/opt/homebrew/Cellar/texlive/20220321_2/share/texmf-dist/tex/latex/amsmath/ams
math.sty
Package: amsmath 2021/10/15 v2.17l AMS math features
\@mathmargin=\skip63

For additional information on amsmath, use the `?' option.

(/opt/homebrew/Cellar/texlive/20220321_2/share/texmf-dist/tex/latex/amsmath/ams
text.sty
Package: amstext 2021/08/26 v2.01 AMS text

(/opt/homebrew/Cellar/texlive/20220321_2/share/texmf-dist/tex/latex/amsmath/ams
gen.sty
File: amsgen.sty 1999/11/30 v2.0 generic functions
\@emptytoks=\toks17
\ex@=\dimen139
))
(/opt/homebrew/Cellar/texlive/20220321_2/share/texmf-dist/tex/latex/amsmath/ams
bsy.sty
Package: amsbsy 1999/11/29 v1.2d Bold Symbols
\pmbraise@=\dimen140
)
(/opt/homebrew/Cellar/texlive/20220321_2/share/texmf-dist/tex/latex/amsmath/ams
opn.sty
Package: amsopn 2021/08/26 v2.02 operator names
)
\inf@bad=\count194
LaTeX Info: Redefining \frac on input line 234.
\uproot@=\count195
\leftroot@=\count196
LaTeX Info: Redefining \overline on input line 399.
\classnum@=\count197
\DOTSCASE@=\count198
LaTeX Info: Redefining \ldots on input line 496.
LaTeX Info: Redefining \dots on input line 499.
LaTeX Info: Redefining \cdots on input line 620.
\Mathstrutbox@=\box52
\strutbox@=\box53
\big@size=\dimen141
LaTeX Font Info:    Redeclaring font encoding OML on input line 743.
LaTeX Font Info:    Redeclaring font encoding OMS on input line 744.
\macc@depth=\count199
\c@MaxMatrixCols=\count266
\dotsspace@=\muskip16
\c@parentequation=\count267
\dspbrk@lvl=\count268
\tag@help=\toks18
\row@=\count269
\column@=\count270
\maxfields@=\count271
\andhelp@=\toks19
\eqnshift@=\dimen142
\alignsep@=\dimen143
\tagshift@=\dimen144
\tagwidth@=\dimen145
\totwidth@=\dimen146
\lineht@=\dimen147
\@envbody=\toks20
\multlinegap=\skip64
\multlinetaggap=\skip65
\mathdisplay@stack=\toks21
LaTeX Info: Redefining \[ on input line 2938.
LaTeX Info: Redefining \] on input line 2939.
)
(/opt/homebrew/Cellar/texlive/20220321_2/share/texmf-dist/tex/latex/amsfonts/am
ssymb.sty
Package: amssymb 2013/01/14 v3.01 AMS font symbols

(/opt/homebrew/Cellar/texlive/20220321_2/share/texmf-dist/tex/latex/amsfonts/am
sfonts.sty
Package: amsfonts 2013/01/14 v3.01 Basic AMSFonts support
\symAMSa=\mathgroup4
\symAMSb=\mathgroup5
LaTeX Font Info:    Redeclaring math symbol \hbar on input line 98.
LaTeX Font Info:    Overwriting math alphabet `\mathfrak' in version `bold'
(Font)                  U/euf/m/n --> U/euf/b/n on input line 106.
))
(/opt/homebrew/Cellar/texlive/20220321_2/share/texmf-dist/tex/latex/amscls/amst
hm.sty
Package: amsthm 2020/05/29 v2.20.6
\thm@style=\toks22
\thm@bodyfont=\toks23
\thm@headfont=\toks24
\thm@notefont=\toks25
\thm@headpunct=\toks26
\thm@preskip=\skip66
\thm@postskip=\skip67
\thm@headsep=\skip68
\dth@everypar=\toks27
)
(/opt/homebrew/Cellar/texlive/20220321_2/share/texmf-dist/tex/latex/xpatch/xpat
ch.sty
(/opt/homebrew/Cellar/texlive/20220321_2/share/texmf-dist/tex/latex/l3kernel/ex
pl3.sty
Package: expl3 2022-02-24 L3 programming layer (loader) 

(/opt/homebrew/Cellar/texlive/20220321_2/share/texmf-dist/tex/latex/l3backend/l
3backend-pdftex.def
File: l3backend-pdftex.def 2022-02-07 L3 backend support: PDF output (pdfTeX)
\l__color_backend_stack_int=\count272
\l__pdf_internal_box=\box54
))
Package: xpatch 2020/03/25 v0.3a Extending etoolbox patching commands

(/opt/homebrew/Cellar/texlive/20220321_2/share/texmf-dist/tex/latex/l3packages/
xparse/xparse.sty
Package: xparse 2022-01-12 L3 Experimental document command parser
)
(/opt/homebrew/Cellar/texlive/20220321_2/share/texmf-dist/tex/latex/etoolbox/et
oolbox.sty
Package: etoolbox 2020/10/05 v2.5k e-TeX tools for LaTeX (JAW)
\etb@tempcnta=\count273
))
Class scrartcl Info: amsthm's \deferred@thm@head patched.

(/opt/homebrew/Cellar/texlive/20220321_2/share/texmf-dist/tex/latex/import/impo
rt.sty
Package: import 2020/04/01  v 6.2
)
(/opt/homebrew/Cellar/texlive/20220321_2/share/texmf-dist/tex/latex/asymptote/a
symptote.sty
Package: asymptote 2021/12/29 v1.37 Asymptote style file for LaTeX
 (./main.pre)
\ASYbox=\box55
\ASYdimen=\dimen148
\c@asy=\count274
\AsyStream=\write3
\AsyPreStream=\write4

(/opt/homebrew/Cellar/texlive/20220321_2/share/texmf-dist/tex/latex/base/ifthen
.sty
Package: ifthen 2020/11/24 v1.1c Standard LaTeX ifthen package (DPC)
)
(/opt/homebrew/Cellar/texlive/20220321_2/share/texmf-dist/tex/latex/graphics/gr
aphicx.sty
Package: graphicx 2021/09/16 v1.2d Enhanced LaTeX Graphics (DPC,SPQR)

(/opt/homebrew/Cellar/texlive/20220321_2/share/texmf-dist/tex/latex/graphics/gr
aphics.sty
Package: graphics 2021/03/04 v1.4d Standard LaTeX Graphics (DPC,SPQR)

(/opt/homebrew/Cellar/texlive/20220321_2/share/texmf-dist/tex/latex/graphics/tr
ig.sty
Package: trig 2021/08/11 v1.11 sin cos tan (DPC)
)
(/opt/homebrew/Cellar/texlive/20220321_2/share/texmf-dist/tex/latex/graphics-cf
g/graphics.cfg
File: graphics.cfg 2016/06/04 v1.11 sample graphics configuration
)
Package graphics Info: Driver file: pdftex.def on input line 107.

(/opt/homebrew/Cellar/texlive/20220321_2/share/texmf-dist/tex/latex/graphics-de
f/pdftex.def
File: pdftex.def 2020/10/05 v1.2a Graphics/color driver for pdftex
))
\Gin@req@height=\dimen149
\Gin@req@width=\dimen150
)
(/opt/homebrew/Cellar/texlive/20220321_2/share/texmf-dist/tex/generic/iftex/ifp
df.sty
Package: ifpdf 2019/10/25 v3.4 ifpdf legacy package. Use iftex instead.

(/opt/homebrew/Cellar/texlive/20220321_2/share/texmf-dist/tex/generic/iftex/ift
ex.sty
Package: iftex 2022/02/03 v1.0f TeX engine tests
))
(/opt/homebrew/Cellar/texlive/20220321_2/share/texmf-dist/tex/generic/iftex/ifx
etex.sty
Package: ifxetex 2019/10/25 v0.7 ifxetex legacy package. Use iftex instead.
)
(/opt/homebrew/Cellar/texlive/20220321_2/share/texmf-dist/tex/generic/catchfile
/catchfile.sty
Package: catchfile 2019/12/09 v1.8 Catch the contents of a file (HO)

(/opt/homebrew/Cellar/texlive/20220321_2/share/texmf-dist/tex/generic/infwarerr
/infwarerr.sty
Package: infwarerr 2019/12/03 v1.5 Providing info/warning/error messages (HO)
)
(/opt/homebrew/Cellar/texlive/20220321_2/share/texmf-dist/tex/generic/ltxcmds/l
txcmds.sty
Package: ltxcmds 2020-05-10 v1.25 LaTeX kernel commands for general use (HO)
)
(/opt/homebrew/Cellar/texlive/20220321_2/share/texmf-dist/tex/generic/etexcmds/
etexcmds.sty
Package: etexcmds 2019/12/15 v1.7 Avoid name clashes with e-TeX commands (HO)
))
\openout4 = `main.pre'.

)
(/opt/homebrew/Cellar/texlive/20220321_2/share/texmf-dist/tex/latex/xcolor/xcol
or.sty
Package: xcolor 2021/10/31 v2.13 LaTeX color extensions (UK)

(/opt/homebrew/Cellar/texlive/20220321_2/share/texmf-dist/tex/latex/graphics-cf
g/color.cfg
File: color.cfg 2016/01/02 v1.6 sample color configuration
)
Package xcolor Info: Package option `usenames' ignored on input line 218.
Package xcolor Info: Driver file: pdftex.def on input line 227.

(/opt/homebrew/Cellar/texlive/20220321_2/share/texmf-dist/tex/latex/colortbl/co
lortbl.sty
Package: colortbl 2020/01/04 v1.0e Color table columns (DPC)

(/opt/homebrew/Cellar/texlive/20220321_2/share/texmf-dist/tex/latex/tools/array
.sty
Package: array 2021/10/04 v2.5f Tabular extension package (FMi)
\col@sep=\dimen151
\ar@mcellbox=\box56
\extrarowheight=\dimen152
\NC@list=\toks28
\extratabsurround=\skip69
\backup@length=\skip70
\ar@cellbox=\box57
)
\everycr=\toks29
\minrowclearance=\skip71
)
\rownum=\count275
Package xcolor Info: Model `cmy' substituted by `cmy0' on input line 1352.
Package xcolor Info: Model `hsb' substituted by `rgb' on input line 1356.
Package xcolor Info: Model `RGB' extended on input line 1368.
Package xcolor Info: Model `HTML' substituted by `rgb' on input line 1370.
Package xcolor Info: Model `Hsb' substituted by `hsb' on input line 1371.
Package xcolor Info: Model `tHsb' substituted by `hsb' on input line 1372.
Package xcolor Info: Model `HSB' substituted by `hsb' on input line 1373.
Package xcolor Info: Model `Gray' substituted by `gray' on input line 1374.
Package xcolor Info: Model `wave' substituted by `hsb' on input line 1375.

(/opt/homebrew/Cellar/texlive/20220321_2/share/texmf-dist/tex/latex/graphics/dv
ipsnam.def
File: dvipsnam.def 2016/06/17 v3.0m Driver-dependent file (DPC,SPQR)
)
(/opt/homebrew/Cellar/texlive/20220321_2/share/texmf-dist/tex/latex/xcolor/svgn
am.def
File: svgnam.def 2021/10/31 v2.13 Predefined colors according to SVG 1.1 (UK)
))
(/opt/homebrew/Cellar/texlive/20220321_2/share/texmf-dist/tex/latex/hyperref/hy
perref.sty
Package: hyperref 2022-02-21 v7.00n Hypertext links for LaTeX

(/opt/homebrew/Cellar/texlive/20220321_2/share/texmf-dist/tex/generic/pdftexcmd
s/pdftexcmds.sty
Package: pdftexcmds 2020-06-27 v0.33 Utility functions of pdfTeX for LuaTeX (HO
)
Package pdftexcmds Info: \pdf@primitive is available.
Package pdftexcmds Info: \pdf@ifprimitive is available.
Package pdftexcmds Info: \pdfdraftmode found.
)
(/opt/homebrew/Cellar/texlive/20220321_2/share/texmf-dist/tex/generic/kvsetkeys
/kvsetkeys.sty
Package: kvsetkeys 2019/12/15 v1.18 Key value parser (HO)
)
(/opt/homebrew/Cellar/texlive/20220321_2/share/texmf-dist/tex/generic/kvdefinek
eys/kvdefinekeys.sty
Package: kvdefinekeys 2019-12-19 v1.6 Define keys (HO)
)
(/opt/homebrew/Cellar/texlive/20220321_2/share/texmf-dist/tex/generic/pdfescape
/pdfescape.sty
Package: pdfescape 2019/12/09 v1.15 Implements pdfTeX's escape features (HO)
)
(/opt/homebrew/Cellar/texlive/20220321_2/share/texmf-dist/tex/latex/hycolor/hyc
olor.sty
Package: hycolor 2020-01-27 v1.10 Color options for hyperref/bookmark (HO)
)
(/opt/homebrew/Cellar/texlive/20220321_2/share/texmf-dist/tex/latex/letltxmacro
/letltxmacro.sty
Package: letltxmacro 2019/12/03 v1.6 Let assignment for LaTeX macros (HO)
)
(/opt/homebrew/Cellar/texlive/20220321_2/share/texmf-dist/tex/latex/auxhook/aux
hook.sty
Package: auxhook 2019-12-17 v1.6 Hooks for auxiliary files (HO)
)
(/opt/homebrew/Cellar/texlive/20220321_2/share/texmf-dist/tex/latex/kvoptions/k
voptions.sty
Package: kvoptions 2020-10-07 v3.14 Key value format for package options (HO)
)
\@linkdim=\dimen153
\Hy@linkcounter=\count276
\Hy@pagecounter=\count277

(/opt/homebrew/Cellar/texlive/20220321_2/share/texmf-dist/tex/latex/hyperref/pd
1enc.def
File: pd1enc.def 2022-02-21 v7.00n Hyperref: PDFDocEncoding definition (HO)
Now handling font encoding PD1 ...
... no UTF-8 mapping file for font encoding PD1
)
(/opt/homebrew/Cellar/texlive/20220321_2/share/texmf-dist/tex/generic/intcalc/i
ntcalc.sty
Package: intcalc 2019/12/15 v1.3 Expandable calculations with integers (HO)
)
\Hy@SavedSpaceFactor=\count278

(/opt/homebrew/Cellar/texlive/20220321_2/share/texmf-dist/tex/latex/hyperref/pu
enc.def
File: puenc.def 2022-02-21 v7.00n Hyperref: PDF Unicode definition (HO)
Now handling font encoding PU ...
... no UTF-8 mapping file for font encoding PU
)
Package hyperref Info: Option `colorlinks' set `true' on input line 4018.
Package hyperref Info: Option `hypertexnames' set `false' on input line 4018.
Package hyperref Info: Hyper figures OFF on input line 4137.
Package hyperref Info: Link nesting OFF on input line 4142.
Package hyperref Info: Hyper index ON on input line 4145.
Package hyperref Info: Plain pages OFF on input line 4152.
Package hyperref Info: Backreferencing OFF on input line 4157.
Package hyperref Info: Implicit mode ON; LaTeX internals redefined.
Package hyperref Info: Bookmarks ON on input line 4390.
\c@Hy@tempcnt=\count279

(/opt/homebrew/Cellar/texlive/20220321_2/share/texmf-dist/tex/latex/url/url.sty
\Urlmuskip=\muskip17
Package: url 2013/09/16  ver 3.4  Verb mode for urls, etc.
)
LaTeX Info: Redefining \url on input line 4749.
\XeTeXLinkMargin=\dimen154

(/opt/homebrew/Cellar/texlive/20220321_2/share/texmf-dist/tex/generic/bitset/bi
tset.sty
Package: bitset 2019/12/09 v1.3 Handle bit-vector datatype (HO)

(/opt/homebrew/Cellar/texlive/20220321_2/share/texmf-dist/tex/generic/bigintcal
c/bigintcalc.sty
Package: bigintcalc 2019/12/15 v1.5 Expandable calculations on big integers (HO
)
))
\Fld@menulength=\count280
\Field@Width=\dimen155
\Fld@charsize=\dimen156
Package hyperref Info: Hyper figures OFF on input line 6027.
Package hyperref Info: Link nesting OFF on input line 6032.
Package hyperref Info: Hyper index ON on input line 6035.
Package hyperref Info: backreferencing OFF on input line 6042.
Package hyperref Info: Link coloring ON on input line 6045.
Package hyperref Info: Link coloring with OCG OFF on input line 6052.
Package hyperref Info: PDF/A mode OFF on input line 6057.
LaTeX Info: Redefining \ref on input line 6097.
LaTeX Info: Redefining \pageref on input line 6101.

(/opt/homebrew/Cellar/texlive/20220321_2/share/texmf-dist/tex/latex/base/atbegs
hi-ltx.sty
Package: atbegshi-ltx 2021/01/10 v1.0c Emulation of the original atbegshi
package with kernel methods
)
\Hy@abspage=\count281
\c@Item=\count282
\c@Hfootnote=\count283
)
Package hyperref Info: Driver (autodetected): hpdftex.

(/opt/homebrew/Cellar/texlive/20220321_2/share/texmf-dist/tex/latex/hyperref/hp
dftex.def
File: hpdftex.def 2022-02-21 v7.00n Hyperref driver for pdfTeX

(/opt/homebrew/Cellar/texlive/20220321_2/share/texmf-dist/tex/latex/base/atvery
end-ltx.sty
Package: atveryend-ltx 2020/08/19 v1.0a Emulation of the original atveryend pac
kage
with kernel methods
)
\Fld@listcount=\count284
\c@bookmark@seq@number=\count285

(/opt/homebrew/Cellar/texlive/20220321_2/share/texmf-dist/tex/latex/rerunfilech
eck/rerunfilecheck.sty
Package: rerunfilecheck 2019/12/05 v1.9 Rerun checks for auxiliary files (HO)

(/opt/homebrew/Cellar/texlive/20220321_2/share/texmf-dist/tex/generic/uniquecou
nter/uniquecounter.sty
Package: uniquecounter 2019/12/15 v1.4 Provide unlimited unique counter (HO)
)
Package uniquecounter Info: New unique counter `rerunfilecheck' on input line 2
86.
)
\Hy@SectionHShift=\skip72
)
(/opt/homebrew/Cellar/texlive/20220321_2/share/texmf-dist/tex/latex/cleveref/cl
everef.sty
Package: cleveref 2018/03/27 v0.21.4 Intelligent cross-referencing
Package cleveref Info: `hyperref' support loaded on input line 2370.
LaTeX Info: Redefining \cref on input line 2370.
LaTeX Info: Redefining \Cref on input line 2370.
LaTeX Info: Redefining \crefrange on input line 2370.
LaTeX Info: Redefining \Crefrange on input line 2370.
LaTeX Info: Redefining \cpageref on input line 2370.
LaTeX Info: Redefining \Cpageref on input line 2370.
LaTeX Info: Redefining \cpagerefrange on input line 2370.
LaTeX Info: Redefining \Cpagerefrange on input line 2370.
LaTeX Info: Redefining \labelcref on input line 2370.
LaTeX Info: Redefining \labelcpageref on input line 2370.
Package cleveref Info: `amsthm' support loaded on input line 3026.
Package cleveref Info: include cross-reference names in hyperlinks on input lin
e 7836.
Package cleveref Info: include cross-reference names in hyperlinks on input lin
e 7852.
)
(/opt/homebrew/Cellar/texlive/20220321_2/share/texmf-dist/tex/latex/thmtools/th
mtools.sty
Package: thmtools 2020/08/01 v0.72
\thmt@toks=\toks30
\c@thmt@dummyctr=\count286

(/opt/homebrew/Cellar/texlive/20220321_2/share/texmf-dist/tex/latex/thmtools/th
m-patch.sty
Package: thm-patch 2020/08/01 v0.72

(/opt/homebrew/Cellar/texlive/20220321_2/share/texmf-dist/tex/latex/thmtools/pa
rseargs.sty
Package: parseargs 2020/08/01 v0.72
\@parsespec=\toks31
))
(/opt/homebrew/Cellar/texlive/20220321_2/share/texmf-dist/tex/latex/thmtools/th
m-kv.sty
Package: thm-kv 2020/08/01 v0.72
Package thm-kv Info: Theorem names will be uppercased on input line 42.
Package thm-kv Info: kvsetkeys patch (v1.16 or later) on input line 158.
)
(/opt/homebrew/Cellar/texlive/20220321_2/share/texmf-dist/tex/latex/thmtools/th
m-autoref.sty
Package: thm-autoref 2020/08/01 v0.72

(/opt/homebrew/Cellar/texlive/20220321_2/share/texmf-dist/tex/latex/thmtools/al
iasctr.sty
Package: aliasctr 2020/08/01 v0.72
))
(/opt/homebrew/Cellar/texlive/20220321_2/share/texmf-dist/tex/latex/thmtools/th
m-listof.sty
Package: thm-listof 2020/08/01 v0.72
)
(/opt/homebrew/Cellar/texlive/20220321_2/share/texmf-dist/tex/latex/thmtools/th
m-restate.sty
Package: thm-restate 2020/08/01 v0.72
)
(/opt/homebrew/Cellar/texlive/20220321_2/share/texmf-dist/tex/latex/thmtools/th
m-amsthm.sty
Package: thm-amsthm 2020/08/01 v0.72
\thmt@style@headstyle=\toks32
))
(/opt/homebrew/Cellar/texlive/20220321_2/share/texmf-dist/tex/latex/mdframed/md
framed.sty
Package: mdframed 2013/07/01 1.9b: mdframed

(/opt/homebrew/Cellar/texlive/20220321_2/share/texmf-dist/tex/latex/zref/zref-a
bspage.sty
Package: zref-abspage 2020-07-03 v2.32 Module abspage for zref (HO)

(/opt/homebrew/Cellar/texlive/20220321_2/share/texmf-dist/tex/latex/zref/zref-b
ase.sty
Package: zref-base 2020-07-03 v2.32 Module base for zref (HO)
Package zref Info: New property list: main on input line 764.
Package zref Info: New property: default on input line 765.
Package zref Info: New property: page on input line 766.
)
\c@abspage=\count287
Package zref Info: New property: abspage on input line 66.
)
(/opt/homebrew/Cellar/texlive/20220321_2/share/texmf-dist/tex/latex/needspace/n
eedspace.sty
Package: needspace 2010/09/12 v1.3d reserve vertical space
)
\mdf@templength=\skip73
\c@mdf@globalstyle@cnt=\count288
\mdf@skipabove@length=\skip74
\mdf@skipbelow@length=\skip75
\mdf@leftmargin@length=\skip76
\mdf@rightmargin@length=\skip77
\mdf@innerleftmargin@length=\skip78
\mdf@innerrightmargin@length=\skip79
\mdf@innertopmargin@length=\skip80
\mdf@innerbottommargin@length=\skip81
\mdf@splittopskip@length=\skip82
\mdf@splitbottomskip@length=\skip83
\mdf@outermargin@length=\skip84
\mdf@innermargin@length=\skip85
\mdf@linewidth@length=\skip86
\mdf@innerlinewidth@length=\skip87
\mdf@middlelinewidth@length=\skip88
\mdf@outerlinewidth@length=\skip89
\mdf@roundcorner@length=\skip90
\mdf@footenotedistance@length=\skip91
\mdf@userdefinedwidth@length=\skip92
\mdf@needspace@length=\skip93
\mdf@frametitleaboveskip@length=\skip94
\mdf@frametitlebelowskip@length=\skip95
\mdf@frametitlerulewidth@length=\skip96
\mdf@frametitleleftmargin@length=\skip97
\mdf@frametitlerightmargin@length=\skip98
\mdf@shadowsize@length=\skip99
\mdf@extratopheight@length=\skip100
\mdf@subtitleabovelinewidth@length=\skip101
\mdf@subtitlebelowlinewidth@length=\skip102
\mdf@subtitleaboveskip@length=\skip103
\mdf@subtitlebelowskip@length=\skip104
\mdf@subtitleinneraboveskip@length=\skip105
\mdf@subtitleinnerbelowskip@length=\skip106
\mdf@subsubtitleabovelinewidth@length=\skip107
\mdf@subsubtitlebelowlinewidth@length=\skip108
\mdf@subsubtitleaboveskip@length=\skip109
\mdf@subsubtitlebelowskip@length=\skip110
\mdf@subsubtitleinneraboveskip@length=\skip111
\mdf@subsubtitleinnerbelowskip@length=\skip112

(/opt/homebrew/Cellar/texlive/20220321_2/share/texmf-dist/tex/latex/pgf/fronten
dlayer/tikz.sty
(/opt/homebrew/Cellar/texlive/20220321_2/share/texmf-dist/tex/latex/pgf/basicla
yer/pgf.sty
(/opt/homebrew/Cellar/texlive/20220321_2/share/texmf-dist/tex/latex/pgf/utiliti
es/pgfrcs.sty
(/opt/homebrew/Cellar/texlive/20220321_2/share/texmf-dist/tex/generic/pgf/utili
ties/pgfutil-common.tex
\pgfutil@everybye=\toks33
\pgfutil@tempdima=\dimen157
\pgfutil@tempdimb=\dimen158

(/opt/homebrew/Cellar/texlive/20220321_2/share/texmf-dist/tex/generic/pgf/utili
ties/pgfutil-common-lists.tex))
(/opt/homebrew/Cellar/texlive/20220321_2/share/texmf-dist/tex/generic/pgf/utili
ties/pgfutil-latex.def
\pgfutil@abb=\box58
)
(/opt/homebrew/Cellar/texlive/20220321_2/share/texmf-dist/tex/generic/pgf/utili
ties/pgfrcs.code.tex
(/opt/homebrew/Cellar/texlive/20220321_2/share/texmf-dist/tex/generic/pgf/pgf.r
evision.tex)
Package: pgfrcs 2021/05/15 v3.1.9a (3.1.9a)
))
Package: pgf 2021/05/15 v3.1.9a (3.1.9a)

(/opt/homebrew/Cellar/texlive/20220321_2/share/texmf-dist/tex/latex/pgf/basicla
yer/pgfcore.sty
(/opt/homebrew/Cellar/texlive/20220321_2/share/texmf-dist/tex/latex/pgf/systeml
ayer/pgfsys.sty
(/opt/homebrew/Cellar/texlive/20220321_2/share/texmf-dist/tex/generic/pgf/syste
mlayer/pgfsys.code.tex
Package: pgfsys 2021/05/15 v3.1.9a (3.1.9a)

(/opt/homebrew/Cellar/texlive/20220321_2/share/texmf-dist/tex/generic/pgf/utili
ties/pgfkeys.code.tex
\pgfkeys@pathtoks=\toks34
\pgfkeys@temptoks=\toks35

(/opt/homebrew/Cellar/texlive/20220321_2/share/texmf-dist/tex/generic/pgf/utili
ties/pgfkeysfiltered.code.tex
\pgfkeys@tmptoks=\toks36
))
\pgf@x=\dimen159
\pgf@y=\dimen160
\pgf@xa=\dimen161
\pgf@ya=\dimen162
\pgf@xb=\dimen163
\pgf@yb=\dimen164
\pgf@xc=\dimen165
\pgf@yc=\dimen166
\pgf@xd=\dimen167
\pgf@yd=\dimen168
\w@pgf@writea=\write5
\r@pgf@reada=\read2
\c@pgf@counta=\count289
\c@pgf@countb=\count290
\c@pgf@countc=\count291
\c@pgf@countd=\count292
\t@pgf@toka=\toks37
\t@pgf@tokb=\toks38
\t@pgf@tokc=\toks39
\pgf@sys@id@count=\count293

(/opt/homebrew/Cellar/texlive/20220321_2/share/texmf-dist/tex/generic/pgf/syste
mlayer/pgf.cfg
File: pgf.cfg 2021/05/15 v3.1.9a (3.1.9a)
)
Driver file for pgf: pgfsys-pdftex.def

(/opt/homebrew/Cellar/texlive/20220321_2/share/texmf-dist/tex/generic/pgf/syste
mlayer/pgfsys-pdftex.def
File: pgfsys-pdftex.def 2021/05/15 v3.1.9a (3.1.9a)

(/opt/homebrew/Cellar/texlive/20220321_2/share/texmf-dist/tex/generic/pgf/syste
mlayer/pgfsys-common-pdf.def
File: pgfsys-common-pdf.def 2021/05/15 v3.1.9a (3.1.9a)
)))
(/opt/homebrew/Cellar/texlive/20220321_2/share/texmf-dist/tex/generic/pgf/syste
mlayer/pgfsyssoftpath.code.tex
File: pgfsyssoftpath.code.tex 2021/05/15 v3.1.9a (3.1.9a)
\pgfsyssoftpath@smallbuffer@items=\count294
\pgfsyssoftpath@bigbuffer@items=\count295
)
(/opt/homebrew/Cellar/texlive/20220321_2/share/texmf-dist/tex/generic/pgf/syste
mlayer/pgfsysprotocol.code.tex
File: pgfsysprotocol.code.tex 2021/05/15 v3.1.9a (3.1.9a)
))
(/opt/homebrew/Cellar/texlive/20220321_2/share/texmf-dist/tex/generic/pgf/basic
layer/pgfcore.code.tex
Package: pgfcore 2021/05/15 v3.1.9a (3.1.9a)

(/opt/homebrew/Cellar/texlive/20220321_2/share/texmf-dist/tex/generic/pgf/math/
pgfmath.code.tex
(/opt/homebrew/Cellar/texlive/20220321_2/share/texmf-dist/tex/generic/pgf/math/
pgfmathcalc.code.tex
(/opt/homebrew/Cellar/texlive/20220321_2/share/texmf-dist/tex/generic/pgf/math/
pgfmathutil.code.tex)
(/opt/homebrew/Cellar/texlive/20220321_2/share/texmf-dist/tex/generic/pgf/math/
pgfmathparser.code.tex
\pgfmath@dimen=\dimen169
\pgfmath@count=\count296
\pgfmath@box=\box59
\pgfmath@toks=\toks40
\pgfmath@stack@operand=\toks41
\pgfmath@stack@operation=\toks42
)
(/opt/homebrew/Cellar/texlive/20220321_2/share/texmf-dist/tex/generic/pgf/math/
pgfmathfunctions.code.tex
(/opt/homebrew/Cellar/texlive/20220321_2/share/texmf-dist/tex/generic/pgf/math/
pgfmathfunctions.basic.code.tex)
(/opt/homebrew/Cellar/texlive/20220321_2/share/texmf-dist/tex/generic/pgf/math/
pgfmathfunctions.trigonometric.code.tex)
(/opt/homebrew/Cellar/texlive/20220321_2/share/texmf-dist/tex/generic/pgf/math/
pgfmathfunctions.random.code.tex)
(/opt/homebrew/Cellar/texlive/20220321_2/share/texmf-dist/tex/generic/pgf/math/
pgfmathfunctions.comparison.code.tex)
(/opt/homebrew/Cellar/texlive/20220321_2/share/texmf-dist/tex/generic/pgf/math/
pgfmathfunctions.base.code.tex)
(/opt/homebrew/Cellar/texlive/20220321_2/share/texmf-dist/tex/generic/pgf/math/
pgfmathfunctions.round.code.tex)
(/opt/homebrew/Cellar/texlive/20220321_2/share/texmf-dist/tex/generic/pgf/math/
pgfmathfunctions.misc.code.tex)
(/opt/homebrew/Cellar/texlive/20220321_2/share/texmf-dist/tex/generic/pgf/math/
pgfmathfunctions.integerarithmetics.code.tex)))
(/opt/homebrew/Cellar/texlive/20220321_2/share/texmf-dist/tex/generic/pgf/math/
pgfmathfloat.code.tex
\c@pgfmathroundto@lastzeros=\count297
))
(/opt/homebrew/Cellar/texlive/20220321_2/share/texmf-dist/tex/generic/pgf/math/
pgfint.code.tex)
(/opt/homebrew/Cellar/texlive/20220321_2/share/texmf-dist/tex/generic/pgf/basic
layer/pgfcorepoints.code.tex
File: pgfcorepoints.code.tex 2021/05/15 v3.1.9a (3.1.9a)
\pgf@picminx=\dimen170
\pgf@picmaxx=\dimen171
\pgf@picminy=\dimen172
\pgf@picmaxy=\dimen173
\pgf@pathminx=\dimen174
\pgf@pathmaxx=\dimen175
\pgf@pathminy=\dimen176
\pgf@pathmaxy=\dimen177
\pgf@xx=\dimen178
\pgf@xy=\dimen179
\pgf@yx=\dimen180
\pgf@yy=\dimen181
\pgf@zx=\dimen182
\pgf@zy=\dimen183
)
(/opt/homebrew/Cellar/texlive/20220321_2/share/texmf-dist/tex/generic/pgf/basic
layer/pgfcorepathconstruct.code.tex
File: pgfcorepathconstruct.code.tex 2021/05/15 v3.1.9a (3.1.9a)
\pgf@path@lastx=\dimen184
\pgf@path@lasty=\dimen185
)
(/opt/homebrew/Cellar/texlive/20220321_2/share/texmf-dist/tex/generic/pgf/basic
layer/pgfcorepathusage.code.tex
File: pgfcorepathusage.code.tex 2021/05/15 v3.1.9a (3.1.9a)
\pgf@shorten@end@additional=\dimen186
\pgf@shorten@start@additional=\dimen187
)
(/opt/homebrew/Cellar/texlive/20220321_2/share/texmf-dist/tex/generic/pgf/basic
layer/pgfcorescopes.code.tex
File: pgfcorescopes.code.tex 2021/05/15 v3.1.9a (3.1.9a)
\pgfpic=\box60
\pgf@hbox=\box61
\pgf@layerbox@main=\box62
\pgf@picture@serial@count=\count298
)
(/opt/homebrew/Cellar/texlive/20220321_2/share/texmf-dist/tex/generic/pgf/basic
layer/pgfcoregraphicstate.code.tex
File: pgfcoregraphicstate.code.tex 2021/05/15 v3.1.9a (3.1.9a)
\pgflinewidth=\dimen188
)
(/opt/homebrew/Cellar/texlive/20220321_2/share/texmf-dist/tex/generic/pgf/basic
layer/pgfcoretransformations.code.tex
File: pgfcoretransformations.code.tex 2021/05/15 v3.1.9a (3.1.9a)
\pgf@pt@x=\dimen189
\pgf@pt@y=\dimen190
\pgf@pt@temp=\dimen191
)
(/opt/homebrew/Cellar/texlive/20220321_2/share/texmf-dist/tex/generic/pgf/basic
layer/pgfcorequick.code.tex
File: pgfcorequick.code.tex 2021/05/15 v3.1.9a (3.1.9a)
)
(/opt/homebrew/Cellar/texlive/20220321_2/share/texmf-dist/tex/generic/pgf/basic
layer/pgfcoreobjects.code.tex
File: pgfcoreobjects.code.tex 2021/05/15 v3.1.9a (3.1.9a)
)
(/opt/homebrew/Cellar/texlive/20220321_2/share/texmf-dist/tex/generic/pgf/basic
layer/pgfcorepathprocessing.code.tex
File: pgfcorepathprocessing.code.tex 2021/05/15 v3.1.9a (3.1.9a)
)
(/opt/homebrew/Cellar/texlive/20220321_2/share/texmf-dist/tex/generic/pgf/basic
layer/pgfcorearrows.code.tex
File: pgfcorearrows.code.tex 2021/05/15 v3.1.9a (3.1.9a)
\pgfarrowsep=\dimen192
)
(/opt/homebrew/Cellar/texlive/20220321_2/share/texmf-dist/tex/generic/pgf/basic
layer/pgfcoreshade.code.tex
File: pgfcoreshade.code.tex 2021/05/15 v3.1.9a (3.1.9a)
\pgf@max=\dimen193
\pgf@sys@shading@range@num=\count299
\pgf@shadingcount=\count300
)
(/opt/homebrew/Cellar/texlive/20220321_2/share/texmf-dist/tex/generic/pgf/basic
layer/pgfcoreimage.code.tex
File: pgfcoreimage.code.tex 2021/05/15 v3.1.9a (3.1.9a)

(/opt/homebrew/Cellar/texlive/20220321_2/share/texmf-dist/tex/generic/pgf/basic
layer/pgfcoreexternal.code.tex
File: pgfcoreexternal.code.tex 2021/05/15 v3.1.9a (3.1.9a)
\pgfexternal@startupbox=\box63
))
(/opt/homebrew/Cellar/texlive/20220321_2/share/texmf-dist/tex/generic/pgf/basic
layer/pgfcorelayers.code.tex
File: pgfcorelayers.code.tex 2021/05/15 v3.1.9a (3.1.9a)
)
(/opt/homebrew/Cellar/texlive/20220321_2/share/texmf-dist/tex/generic/pgf/basic
layer/pgfcoretransparency.code.tex
File: pgfcoretransparency.code.tex 2021/05/15 v3.1.9a (3.1.9a)
)
(/opt/homebrew/Cellar/texlive/20220321_2/share/texmf-dist/tex/generic/pgf/basic
layer/pgfcorepatterns.code.tex
File: pgfcorepatterns.code.tex 2021/05/15 v3.1.9a (3.1.9a)
)
(/opt/homebrew/Cellar/texlive/20220321_2/share/texmf-dist/tex/generic/pgf/basic
layer/pgfcorerdf.code.tex
File: pgfcorerdf.code.tex 2021/05/15 v3.1.9a (3.1.9a)
)))
(/opt/homebrew/Cellar/texlive/20220321_2/share/texmf-dist/tex/generic/pgf/modul
es/pgfmoduleshapes.code.tex
File: pgfmoduleshapes.code.tex 2021/05/15 v3.1.9a (3.1.9a)
\pgfnodeparttextbox=\box64
)
(/opt/homebrew/Cellar/texlive/20220321_2/share/texmf-dist/tex/generic/pgf/modul
es/pgfmoduleplot.code.tex
File: pgfmoduleplot.code.tex 2021/05/15 v3.1.9a (3.1.9a)
)
(/opt/homebrew/Cellar/texlive/20220321_2/share/texmf-dist/tex/latex/pgf/compati
bility/pgfcomp-version-0-65.sty
Package: pgfcomp-version-0-65 2021/05/15 v3.1.9a (3.1.9a)
\pgf@nodesepstart=\dimen194
\pgf@nodesepend=\dimen195
)
(/opt/homebrew/Cellar/texlive/20220321_2/share/texmf-dist/tex/latex/pgf/compati
bility/pgfcomp-version-1-18.sty
Package: pgfcomp-version-1-18 2021/05/15 v3.1.9a (3.1.9a)
))
(/opt/homebrew/Cellar/texlive/20220321_2/share/texmf-dist/tex/latex/pgf/utiliti
es/pgffor.sty
(/opt/homebrew/Cellar/texlive/20220321_2/share/texmf-dist/tex/latex/pgf/utiliti
es/pgfkeys.sty
(/opt/homebrew/Cellar/texlive/20220321_2/share/texmf-dist/tex/generic/pgf/utili
ties/pgfkeys.code.tex))
(/opt/homebrew/Cellar/texlive/20220321_2/share/texmf-dist/tex/latex/pgf/math/pg
fmath.sty
(/opt/homebrew/Cellar/texlive/20220321_2/share/texmf-dist/tex/generic/pgf/math/
pgfmath.code.tex))
(/opt/homebrew/Cellar/texlive/20220321_2/share/texmf-dist/tex/generic/pgf/utili
ties/pgffor.code.tex
Package: pgffor 2021/05/15 v3.1.9a (3.1.9a)

(/opt/homebrew/Cellar/texlive/20220321_2/share/texmf-dist/tex/generic/pgf/math/
pgfmath.code.tex)
\pgffor@iter=\dimen196
\pgffor@skip=\dimen197
\pgffor@stack=\toks43
\pgffor@toks=\toks44
))
(/opt/homebrew/Cellar/texlive/20220321_2/share/texmf-dist/tex/generic/pgf/front
endlayer/tikz/tikz.code.tex
Package: tikz 2021/05/15 v3.1.9a (3.1.9a)

(/opt/homebrew/Cellar/texlive/20220321_2/share/texmf-dist/tex/generic/pgf/libra
ries/pgflibraryplothandlers.code.tex
File: pgflibraryplothandlers.code.tex 2021/05/15 v3.1.9a (3.1.9a)
\pgf@plot@mark@count=\count301
\pgfplotmarksize=\dimen198
)
\tikz@lastx=\dimen199
\tikz@lasty=\dimen256
\tikz@lastxsaved=\dimen257
\tikz@lastysaved=\dimen258
\tikz@lastmovetox=\dimen259
\tikz@lastmovetoy=\dimen260
\tikzleveldistance=\dimen261
\tikzsiblingdistance=\dimen262
\tikz@figbox=\box65
\tikz@figbox@bg=\box66
\tikz@tempbox=\box67
\tikz@tempbox@bg=\box68
\tikztreelevel=\count302
\tikznumberofchildren=\count303
\tikznumberofcurrentchild=\count304
\tikz@fig@count=\count305

(/opt/homebrew/Cellar/texlive/20220321_2/share/texmf-dist/tex/generic/pgf/modul
es/pgfmodulematrix.code.tex
File: pgfmodulematrix.code.tex 2021/05/15 v3.1.9a (3.1.9a)
\pgfmatrixcurrentrow=\count306
\pgfmatrixcurrentcolumn=\count307
\pgf@matrix@numberofcolumns=\count308
)
\tikz@expandcount=\count309

(/opt/homebrew/Cellar/texlive/20220321_2/share/texmf-dist/tex/generic/pgf/front
endlayer/tikz/libraries/tikzlibrarytopaths.code.tex
File: tikzlibrarytopaths.code.tex 2021/05/15 v3.1.9a (3.1.9a)
)))
(/opt/homebrew/Cellar/texlive/20220321_2/share/texmf-dist/tex/latex/mdframed/md
-frame-1.mdf
File: md-frame-1.mdf 2013/07/01\ 1.9b: md-frame-1
)
\mdf@frametitlebox=\box69
\mdf@footnotebox=\box70
\mdf@splitbox@one=\box71
\mdf@splitbox@two=\box72
\mdf@splitbox@save=\box73
\mdfsplitboxwidth=\skip113
\mdfsplitboxtotalwidth=\skip114
\mdfsplitboxheight=\skip115
\mdfsplitboxdepth=\skip116
\mdfsplitboxtotalheight=\skip117
\mdfframetitleboxwidth=\skip118
\mdfframetitleboxtotalwidth=\skip119
\mdfframetitleboxheight=\skip120
\mdfframetitleboxdepth=\skip121
\mdfframetitleboxtotalheight=\skip122
\mdffootnoteboxwidth=\skip123
\mdffootnoteboxtotalwidth=\skip124
\mdffootnoteboxheight=\skip125
\mdffootnoteboxdepth=\skip126
\mdffootnoteboxtotalheight=\skip127
\mdftotallinewidth=\skip128
\mdfboundingboxwidth=\skip129
\mdfboundingboxtotalwidth=\skip130
\mdfboundingboxheight=\skip131
\mdfboundingboxdepth=\skip132
\mdfboundingboxtotalheight=\skip133
\mdf@freevspace@length=\skip134
\mdf@horizontalwidthofbox@length=\skip135
\mdf@verticalmarginwhole@length=\skip136
\mdf@horizontalspaceofbox=\skip137
\mdfsubtitleheight=\skip138
\mdfsubsubtitleheight=\skip139
\c@mdfcountframes=\count310

****** mdframed patching \endmdf@trivlist

****** -- success******

\mdf@envdepth=\count311
\c@mdf@env@i=\count312
\c@mdf@env@ii=\count313
\c@mdf@zref@counter=\count314
Package zref Info: New property: mdf@pagevalue on input line 895.
)
Package thmtools Info: Key `mdframed' (with value `style=mdgraybox')
(thmtools)             is not a known style key.
(thmtools)             Will pass this to every \declaretheorem
(thmtools)             that uses `style=thmgraybox' on input line 366.
Package thmtools Info: Key `mdframed' (with value `style=mdexgraybox')
(thmtools)             is not a known style key.
(thmtools)             Will pass this to every \declaretheorem
(thmtools)             that uses `style=exgraybox' on input line 383.
Package thmtools Info: Key `mdframed' (with value `style=mdbluebox')
(thmtools)             is not a known style key.
(thmtools)             Will pass this to every \declaretheorem
(thmtools)             that uses `style=thmbluebox' on input line 424.
Package thmtools Info: Key `mdframed' (with value `style=mdexbluebox')
(thmtools)             is not a known style key.
(thmtools)             Will pass this to every \declaretheorem
(thmtools)             that uses `style=exbluebox' on input line 441.
Package thmtools Info: Key `mdframed' (with value `style=mdredbox')
(thmtools)             is not a known style key.
(thmtools)             Will pass this to every \declaretheorem
(thmtools)             that uses `style=thmredbox' on input line 460.
Package thmtools Info: Key `mdframed' (with value `style=mdexredbox')
(thmtools)             is not a known style key.
(thmtools)             Will pass this to every \declaretheorem
(thmtools)             that uses `style=exredbox' on input line 477.
Package thmtools Info: Key `mdframed' (with value `style=mdgreenbox')
(thmtools)             is not a known style key.
(thmtools)             Will pass this to every \declaretheorem
(thmtools)             that uses `style=thmgreenbox' on input line 496.
Package thmtools Info: Key `mdframed' (with value `style=mdexgreenbox')
(thmtools)             is not a known style key.
(thmtools)             Will pass this to every \declaretheorem
(thmtools)             that uses `style=exgreenbox' on input line 513.
Package thmtools Info: Automatically pulling in `thmdef-mdframed' on input line
 532.

(/opt/homebrew/Cellar/texlive/20220321_2/share/texmf-dist/tex/latex/thmtools/th
mdef-mdframed.sty
Package: thmdef-mdframed 2020/08/01 v0.72
)
\c@theorem=\count315

(/opt/homebrew/Cellar/texlive/20220321_2/share/texmf-dist/tex/latex/listings/li
stings.sty
\lst@mode=\count316
\lst@gtempboxa=\box74
\lst@token=\toks45
\lst@length=\count317
\lst@currlwidth=\dimen263
\lst@column=\count318
\lst@pos=\count319
\lst@lostspace=\dimen264
\lst@width=\dimen265
\lst@newlines=\count320
\lst@lineno=\count321
\lst@maxwidth=\dimen266

(/opt/homebrew/Cellar/texlive/20220321_2/share/texmf-dist/tex/latex/listings/ls
tmisc.sty
File: lstmisc.sty 2020/03/24 1.8d (Carsten Heinz)
\c@lstnumber=\count322
\lst@skipnumbers=\count323
\lst@framebox=\box75
)
(/opt/homebrew/Cellar/texlive/20220321_2/share/texmf-dist/tex/latex/listings/li
stings.cfg
File: listings.cfg 2020/03/24 1.8d listings configuration
))
Package: listings 2020/03/24 1.8d (Carsten Heinz)

(/opt/homebrew/Cellar/texlive/20220321_2/share/texmf-dist/tex/latex/jknapltx/ma
thrsfs.sty
Package: mathrsfs 1996/01/01 Math RSFS package v1.0 (jk)
\symrsfs=\mathgroup6
)
(/opt/homebrew/Cellar/texlive/20220321_2/share/texmf-dist/tex/latex/base/textco
mp.sty
Package: textcomp 2020/02/02 v2.0n Standard LaTeX package
)
(/opt/homebrew/Cellar/texlive/20220321_2/share/texmf-dist/tex/latex/tools/enume
rate.sty
Package: enumerate 2015/07/23 v3.00 enumerate extensions (DPC)
\@enLab=\toks46
)
(/opt/homebrew/Cellar/texlive/20220321_2/share/texmf-dist/tex/latex/enumitem/en
umitem.sty
Package: enumitem 2019/06/20 v3.9 Customized lists
\labelindent=\skip140
\enit@outerparindent=\dimen267
\enit@toks=\toks47
\enit@inbox=\box76
\enit@count@id=\count324
\enitdp@description=\count325
)
(/opt/homebrew/Cellar/texlive/20220321_2/share/texmf-dist/tex/latex/todonotes/t
odonotes.sty
Package: todonotes 2021/06/04 v1.1.5 Todonotes source and documentation.
Package: todonotes 2021/06/04

(/opt/homebrew/Cellar/texlive/20220321_2/share/texmf-dist/tex/latex/xkeyval/xke
yval.sty
Package: xkeyval 2020/11/20 v2.8 package option processing (HA)

(/opt/homebrew/Cellar/texlive/20220321_2/share/texmf-dist/tex/generic/xkeyval/x
keyval.tex
(/opt/homebrew/Cellar/texlive/20220321_2/share/texmf-dist/tex/generic/xkeyval/x
kvutils.tex
\XKV@toks=\toks48
\XKV@tempa@toks=\toks49
)
\XKV@depth=\count326
File: xkeyval.tex 2014/12/03 v2.7a key=value parser (HA)
))
(/opt/homebrew/Cellar/texlive/20220321_2/share/texmf-dist/tex/generic/pgf/front
endlayer/tikz/libraries/tikzlibrarypositioning.code.tex
File: tikzlibrarypositioning.code.tex 2021/05/15 v3.1.9a (3.1.9a)
)
(/opt/homebrew/Cellar/texlive/20220321_2/share/texmf-dist/tex/latex/tools/calc.
sty
Package: calc 2017/05/25 v4.3 Infix arithmetic (KKT,FJ)
\calc@Acount=\count327
\calc@Bcount=\count328
\calc@Adimen=\dimen268
\calc@Bdimen=\dimen269
\calc@Askip=\skip141
\calc@Bskip=\skip142
LaTeX Info: Redefining \setlength on input line 80.
LaTeX Info: Redefining \addtolength on input line 81.
\calc@Ccount=\count329
\calc@Cskip=\skip143
)
\c@@todonotes@numberoftodonotes=\count330
)
(/opt/homebrew/Cellar/texlive/20220321_2/share/texmf-dist/tex/latex/mathtools/m
athtools.sty
Package: mathtools 2022/02/07 v1.28a mathematical typesetting tools

(/opt/homebrew/Cellar/texlive/20220321_2/share/texmf-dist/tex/latex/mathtools/m
hsetup.sty
Package: mhsetup 2021/03/18 v1.4 programming setup (MH)
)
\g_MT_multlinerow_int=\count331
\l_MT_multwidth_dim=\dimen270
\origjot=\skip144
\l_MT_shortvdotswithinadjustabove_dim=\dimen271
\l_MT_shortvdotswithinadjustbelow_dim=\dimen272
\l_MT_above_intertext_sep=\dimen273
\l_MT_below_intertext_sep=\dimen274
\l_MT_above_shortintertext_sep=\dimen275
\l_MT_below_shortintertext_sep=\dimen276
\xmathstrut@box=\box77
\xmathstrut@dim=\dimen277
)
(/opt/homebrew/Cellar/texlive/20220321_2/share/texmf-dist/tex/latex/microtype/m
icrotype.sty
Package: microtype 2022/03/14 v3.0d Micro-typographical refinements (RS)
\MT@toks=\toks50
\MT@tempbox=\box78
\MT@count=\count332
LaTeX Info: Redefining \noprotrusionifhmode on input line 1027.
LaTeX Info: Redefining \leftprotrusion on input line 1028.
LaTeX Info: Redefining \rightprotrusion on input line 1036.
LaTeX Info: Redefining \textls on input line 1195.
\MT@outer@kern=\dimen278
LaTeX Info: Redefining \textmicrotypecontext on input line 1781.
\MT@listname@count=\count333

(/opt/homebrew/Cellar/texlive/20220321_2/share/texmf-dist/tex/latex/microtype/m
icrotype-pdftex.def
File: microtype-pdftex.def 2022/03/14 v3.0d Definitions specific to pdftex (RS)

LaTeX Info: Redefining \lsstyle on input line 900.
LaTeX Info: Redefining \lslig on input line 900.
\MT@outer@space=\skip145
)
Package microtype Info: Loading configuration file microtype.cfg.

(/opt/homebrew/Cellar/texlive/20220321_2/share/texmf-dist/tex/latex/microtype/m
icrotype.cfg
File: microtype.cfg 2022/03/14 v3.0d microtype main configuration file (RS)
))
(/opt/homebrew/Cellar/texlive/20220321_2/share/texmf-dist/tex/latex/titling/tit
ling.sty
Package: titling 2009/09/04 v2.1d maketitle typesetting
\thanksmarkwidth=\skip146
\thanksmargin=\skip147
\droptitle=\skip148
)
\posttitledrop=\skip149
\postauthordrop=\skip150

(/opt/homebrew/Cellar/texlive/20220321_2/share/texmf-dist/tex/latex/koma-script
/scrlayer-scrpage.sty
Package: scrlayer-scrpage 2021/11/13 v3.35 KOMA-Script package (end user interf
ace for scrlayer)

(/opt/homebrew/Cellar/texlive/20220321_2/share/texmf-dist/tex/latex/koma-script
/scrlayer.sty
Package: scrlayer 2021/11/13 v3.35 KOMA-Script package (defining layers and pag
e styles)
Package scrlayer Info: Using already defined \footheight
(scrlayer)             hoping, that this is a length and
(scrlayer)             not only a macro on input line 136.
Package scrlayer Info: patching LaTeX kernel macro \pagestyle on input line 216
2.
)
Package scrlayer-scrpage Info: Makeing stand-alone element `pagehead' from
(scrlayer-scrpage)             alias to `pageheadfoot' on input line 1085.
Package scrlayer-scrpage Info: deactivating warning for font element
(scrlayer-scrpage)             `pagefoot' on input line 1109.
)
Package scrlayer-scrpage Info: auto-selection of `pagestyleset=KOMA-Script'.

1: section
)

LaTeX Warning: \include should only be used after \begin{document} on input lin
e 4.

(./preamble.tex
(/opt/homebrew/Cellar/texlive/20220321_2/share/texmf-dist/tex/latex/tcolorbox/t
colorbox.sty
Package: tcolorbox 2022/01/07 version 5.0.2 text color boxes

(/opt/homebrew/Cellar/texlive/20220321_2/share/texmf-dist/tex/latex/tools/verba
tim.sty
Package: verbatim 2020-07-07 v1.5u LaTeX2e package for verbatim enhancements
\every@verbatim=\toks51
\verbatim@line=\toks52
\verbatim@in@stream=\read3
)
(/opt/homebrew/Cellar/texlive/20220321_2/share/texmf-dist/tex/latex/environ/env
iron.sty
Package: environ 2014/05/04 v0.3 A new way to define environments

(/opt/homebrew/Cellar/texlive/20220321_2/share/texmf-dist/tex/latex/trimspaces/
trimspaces.sty
Package: trimspaces 2009/09/17 v1.1 Trim spaces around a token list
))
\tcb@titlebox=\box79
\tcb@upperbox=\box80
\tcb@lowerbox=\box81
\tcb@phantombox=\box82
\c@tcbbreakpart=\count334
\c@tcblayer=\count335
\c@tcolorbox@number=\count336
\tcb@temp=\box83
\tcb@temp=\box84
\tcb@temp=\box85
\tcb@temp=\box86
)
(/opt/homebrew/Cellar/texlive/20220321_2/share/texmf-dist/tex/latex/geometry/ge
ometry.sty
Package: geometry 2020/01/02 v5.9 Page Geometry

(/opt/homebrew/Cellar/texlive/20220321_2/share/texmf-dist/tex/generic/iftex/ifv
tex.sty
Package: ifvtex 2019/10/25 v1.7 ifvtex legacy package. Use iftex instead.
)
\Gm@cnth=\count337
\Gm@cntv=\count338
\c@Gm@tempcnt=\count339
\Gm@bindingoffset=\dimen279
\Gm@wd@mp=\dimen280
\Gm@odd@mp=\dimen281
\Gm@even@mp=\dimen282
\Gm@layoutwidth=\dimen283
\Gm@layoutheight=\dimen284
\Gm@layouthoffset=\dimen285
\Gm@layoutvoffset=\dimen286
\Gm@dimlist=\toks53
)
(/opt/homebrew/Cellar/texlive/20220321_2/share/texmf-dist/tex/latex/comment/com
ment.sty
\CommentStream=\write6
 Excluding comment 'comment')
(/opt/homebrew/Cellar/texlive/20220321_2/share/texmf-dist/tex/latex/base/inpute
nc.sty
Package: inputenc 2021/02/14 v1.3d Input encoding file
\inpenc@prehook=\toks54
\inpenc@posthook=\toks55
)
(/opt/homebrew/Cellar/texlive/20220321_2/share/texmf-dist/tex/latex/tools/multi
col.sty
Package: multicol 2021/10/28 v1.9b multicolumn formatting (FMi)
\c@tracingmulticols=\count340
\mult@box=\box87
\multicol@leftmargin=\dimen287
\c@unbalance=\count341
\c@collectmore=\count342
\doublecol@number=\count343
\multicoltolerance=\count344
\multicolpretolerance=\count345
\full@width=\dimen288
\page@free=\dimen289
\premulticols=\dimen290
\postmulticols=\dimen291
\multicolsep=\skip151
\multicolbaselineskip=\skip152
\partial@page=\box88
\last@line=\box89
\maxbalancingoverflow=\dimen292
\mult@rightbox=\box90
\mult@grightbox=\box91
\mult@firstbox=\box92
\mult@gfirstbox=\box93
\@tempa=\box94
\@tempa=\box95
\@tempa=\box96
\@tempa=\box97
\@tempa=\box98
\@tempa=\box99
\@tempa=\box100
\@tempa=\box101
\@tempa=\box102
\@tempa=\box103
\@tempa=\box104
\@tempa=\box105
\@tempa=\box106
\@tempa=\box107
\@tempa=\box108
\@tempa=\box109
\@tempa=\box110
\@tempa=\box111
\@tempa=\box112
\@tempa=\box113
\@tempa=\box114
\@tempa=\box115
\@tempa=\box116
\@tempa=\box117
\@tempa=\box118
\@tempa=\box119
\@tempa=\box120
\@tempa=\box121
\@tempa=\box122
\@tempa=\box123
\@tempa=\box124
\@tempa=\box125
\@tempa=\box126
\@tempa=\box127
\@tempa=\box128
\@tempa=\box129
\c@minrows=\count346
\c@columnbadness=\count347
\c@finalcolumnbadness=\count348
\last@try=\dimen293
\multicolovershoot=\dimen294
\multicolundershoot=\dimen295
\mult@nat@firstbox=\box130
\colbreak@box=\box131
\mc@col@check@num=\count349
)
(/opt/homebrew/Cellar/texlive/20220321_2/share/texmf-dist/tex/latex/tabto-ltx/t
abto.sty
Package: tabto 2018/12/28  v 1.4  Another tabbing mechanism
\CurrentLineWidth=\dimen296
\TabPrevPos=\dimen297
)
(/opt/homebrew/Cellar/texlive/20220321_2/share/texmf-dist/tex/latex/pgfplots/pg
fplots.sty
(/opt/homebrew/Cellar/texlive/20220321_2/share/texmf-dist/tex/generic/pgfplots/
pgfplots.revision.tex)
Package: pgfplots 2021/05/15 v1.18.1 Data Visualization (1.18.1)

(/opt/homebrew/Cellar/texlive/20220321_2/share/texmf-dist/tex/generic/pgfplots/
pgfplots.code.tex
(/opt/homebrew/Cellar/texlive/20220321_2/share/texmf-dist/tex/generic/pgfplots/
pgfplotscore.code.tex
\t@pgfplots@toka=\toks56
\t@pgfplots@tokb=\toks57
\t@pgfplots@tokc=\toks58
\pgfplots@tmpa=\dimen298
\c@pgfplots@coordindex=\count350
\c@pgfplots@scanlineindex=\count351

(/opt/homebrew/Cellar/texlive/20220321_2/share/texmf-dist/tex/generic/pgfplots/
sys/pgfplotssysgeneric.code.tex))
(/opt/homebrew/Cellar/texlive/20220321_2/share/texmf-dist/tex/generic/pgfplots/
libs/pgfplotslibrary.code.tex)
(/opt/homebrew/Cellar/texlive/20220321_2/share/texmf-dist/tex/generic/pgfplots/
oldpgfcompatib/pgfplotsoldpgfsupp_loader.code.tex
(/opt/homebrew/Cellar/texlive/20220321_2/share/texmf-dist/tex/generic/pgf/libra
ries/pgflibraryfpu.code.tex))
(/opt/homebrew/Cellar/texlive/20220321_2/share/texmf-dist/tex/generic/pgfplots/
util/pgfplotsutil.code.tex
(/opt/homebrew/Cellar/texlive/20220321_2/share/texmf-dist/tex/generic/pgfplots/
liststructure/pgfplotsliststructure.code.tex)
(/opt/homebrew/Cellar/texlive/20220321_2/share/texmf-dist/tex/generic/pgfplots/
liststructure/pgfplotsliststructureext.code.tex)
(/opt/homebrew/Cellar/texlive/20220321_2/share/texmf-dist/tex/generic/pgfplots/
liststructure/pgfplotsarray.code.tex
\c@pgfplotsarray@tmp=\count352
)
(/opt/homebrew/Cellar/texlive/20220321_2/share/texmf-dist/tex/generic/pgfplots/
liststructure/pgfplotsmatrix.code.tex)
(/opt/homebrew/Cellar/texlive/20220321_2/share/texmf-dist/tex/generic/pgfplots/
numtable/pgfplotstableshared.code.tex
\c@pgfplotstable@counta=\count353
\t@pgfplotstable@a=\toks59
)
(/opt/homebrew/Cellar/texlive/20220321_2/share/texmf-dist/tex/generic/pgfplots/
liststructure/pgfplotsdeque.code.tex)
(/opt/homebrew/Cellar/texlive/20220321_2/share/texmf-dist/tex/generic/pgfplots/
util/pgfplotsbinary.code.tex
(/opt/homebrew/Cellar/texlive/20220321_2/share/texmf-dist/tex/generic/pgfplots/
util/pgfplotsbinary.data.code.tex))
(/opt/homebrew/Cellar/texlive/20220321_2/share/texmf-dist/tex/generic/pgfplots/
util/pgfplotsutil.verb.code.tex)
(/opt/homebrew/Cellar/texlive/20220321_2/share/texmf-dist/tex/generic/pgfplots/
libs/pgflibrarypgfplots.surfshading.code.tex
\c@pgfplotslibrarysurf@no=\count354

(/opt/homebrew/Cellar/texlive/20220321_2/share/texmf-dist/tex/generic/pgfplots/
sys/pgflibrarypgfplots.surfshading.pgfsys-pdftex.def)))
(/opt/homebrew/Cellar/texlive/20220321_2/share/texmf-dist/tex/generic/pgfplots/
util/pgfplotscolormap.code.tex
(/opt/homebrew/Cellar/texlive/20220321_2/share/texmf-dist/tex/generic/pgfplots/
util/pgfplotscolor.code.tex))
(/opt/homebrew/Cellar/texlive/20220321_2/share/texmf-dist/tex/generic/pgfplots/
pgfplotsstackedplots.code.tex)
(/opt/homebrew/Cellar/texlive/20220321_2/share/texmf-dist/tex/generic/pgfplots/
pgfplotsplothandlers.code.tex
(/opt/homebrew/Cellar/texlive/20220321_2/share/texmf-dist/tex/generic/pgfplots/
pgfplotsmeshplothandler.code.tex
(/opt/homebrew/Cellar/texlive/20220321_2/share/texmf-dist/tex/generic/pgfplots/
pgfplotsmeshplotimage.code.tex)))
(/opt/homebrew/Cellar/texlive/20220321_2/share/texmf-dist/tex/generic/pgfplots/
pgfplots.scaling.code.tex)
(/opt/homebrew/Cellar/texlive/20220321_2/share/texmf-dist/tex/generic/pgfplots/
pgfplotscoordprocessing.code.tex)
(/opt/homebrew/Cellar/texlive/20220321_2/share/texmf-dist/tex/generic/pgfplots/
pgfplots.errorbars.code.tex)
(/opt/homebrew/Cellar/texlive/20220321_2/share/texmf-dist/tex/generic/pgfplots/
pgfplots.markers.code.tex)
(/opt/homebrew/Cellar/texlive/20220321_2/share/texmf-dist/tex/generic/pgfplots/
pgfplotsticks.code.tex)
(/opt/homebrew/Cellar/texlive/20220321_2/share/texmf-dist/tex/generic/pgfplots/
pgfplots.paths.code.tex)
(/opt/homebrew/Cellar/texlive/20220321_2/share/texmf-dist/tex/generic/pgf/front
endlayer/tikz/libraries/tikzlibrarydecorations.code.tex
(/opt/homebrew/Cellar/texlive/20220321_2/share/texmf-dist/tex/generic/pgf/modul
es/pgfmoduledecorations.code.tex
\pgfdecoratedcompleteddistance=\dimen299
\pgfdecoratedremainingdistance=\dimen300
\pgfdecoratedinputsegmentcompleteddistance=\dimen301
\pgfdecoratedinputsegmentremainingdistance=\dimen302
\pgf@decorate@distancetomove=\dimen303
\pgf@decorate@repeatstate=\count355
\pgfdecorationsegmentamplitude=\dimen304
\pgfdecorationsegmentlength=\dimen305
)
\tikz@lib@dec@box=\box132
)
(/opt/homebrew/Cellar/texlive/20220321_2/share/texmf-dist/tex/generic/pgf/front
endlayer/tikz/libraries/tikzlibrarydecorations.pathmorphing.code.tex
(/opt/homebrew/Cellar/texlive/20220321_2/share/texmf-dist/tex/generic/pgf/libra
ries/decorations/pgflibrarydecorations.pathmorphing.code.tex))
(/opt/homebrew/Cellar/texlive/20220321_2/share/texmf-dist/tex/generic/pgf/front
endlayer/tikz/libraries/tikzlibrarydecorations.pathreplacing.code.tex
(/opt/homebrew/Cellar/texlive/20220321_2/share/texmf-dist/tex/generic/pgf/libra
ries/decorations/pgflibrarydecorations.pathreplacing.code.tex))
(/opt/homebrew/Cellar/texlive/20220321_2/share/texmf-dist/tex/generic/pgfplots/
libs/tikzlibrarypgfplots.contourlua.code.tex)
\pgfplots@numplots=\count356
\pgfplots@xmin@reg=\dimen306
\pgfplots@xmax@reg=\dimen307
\pgfplots@ymin@reg=\dimen308
\pgfplots@ymax@reg=\dimen309
\pgfplots@zmin@reg=\dimen310
\pgfplots@zmax@reg=\dimen311
)
(/opt/homebrew/Cellar/texlive/20220321_2/share/texmf-dist/tex/generic/pgf/front
endlayer/tikz/libraries/tikzlibraryplotmarks.code.tex
File: tikzlibraryplotmarks.code.tex 2021/05/15 v3.1.9a (3.1.9a)

(/opt/homebrew/Cellar/texlive/20220321_2/share/texmf-dist/tex/generic/pgf/libra
ries/pgflibraryplotmarks.code.tex
File: pgflibraryplotmarks.code.tex 2021/05/15 v3.1.9a (3.1.9a)
)))
(/opt/homebrew/Cellar/texlive/20220321_2/share/texmf-dist/tex/latex/setspace/se
tspace.sty
Package: setspace 2011/12/19 v6.7a set line spacing
)
(/opt/homebrew/Cellar/texlive/20220321_2/share/texmf-dist/tex/generic/xypic/xy.
sty
(/opt/homebrew/Cellar/texlive/20220321_2/share/texmf-dist/tex/generic/xypic/xy.
tex Bootstrap'ing: catcodes, docmode,
(/opt/homebrew/Cellar/texlive/20220321_2/share/texmf-dist/tex/generic/xypic/xyr
ecat.tex)
(/opt/homebrew/Cellar/texlive/20220321_2/share/texmf-dist/tex/generic/xypic/xyi
dioms.tex)

 Xy-pic version 3.8.9 <2013/10/06>
 Copyright (c) 1991-2013 by Kristoffer H. Rose <krisrose@tug.org> and others
 Xy-pic is free software: see the User's Guide for details.

Loading kernel: messages; fonts; allocations: state,
\X@c=\dimen312
\Y@c=\dimen313
\U@c=\dimen314
\D@c=\dimen315
\L@c=\dimen316
\R@c=\dimen317
\Edge@c=\toks60
\X@p=\dimen318
\Y@p=\dimen319
\U@p=\dimen320
\D@p=\dimen321
\L@p=\dimen322
\R@p=\dimen323
\Edge@p=\toks61
\X@origin=\dimen324
\Y@origin=\dimen325
\X@xbase=\dimen326
\Y@xbase=\dimen327
\X@ybase=\dimen328
\Y@ybase=\dimen329
\X@min=\dimen330
\Y@min=\dimen331
\X@max=\dimen332
\Y@max=\dimen333
\lastobjectbox@=\box133
\zerodotbox@=\box134
\almostz@=\dimen334
 direction,
\d@X=\dimen335
\d@Y=\dimen336
\K@=\count357
\KK@=\count358
\Direction=\count359
\K@dXdY=\dimen337
\K@dYdX=\dimen338
\xyread@=\read4
\xywrite@=\write7
\csp@=\count360
\quotPTK@=\dimen339

utility macros; pictures: \xy, positions,
\swaptoks@@=\toks62
\connectobjectbox@@=\box135
 objects,
\styletoks@=\toks63
 decorations;
kernel objects: directionals, circles, text; options; algorithms: directions,
edges, connections;  Xy-pic loaded)
Package: xy 2013/10/06 Xy-pic version 3.8.9

(/opt/homebrew/Cellar/texlive/20220321_2/share/texmf-dist/tex/generic/xypic/xya
ll.tex  Xy-pic option: All features v.3.8
(/opt/homebrew/Cellar/texlive/20220321_2/share/texmf-dist/tex/generic/xypic/xyc
urve.tex  Xy-pic option: Curve and Spline extension v.3.12 curve,
\crv@cnt@=\count361
\crvpts@=\toks64
\splinebox@=\box136
\splineval@=\dimen340
\splinedepth@=\dimen341
\splinetol@=\dimen342
\splinelength@=\dimen343
 circles,
\L@=\dimen344

loaded)
(/opt/homebrew/Cellar/texlive/20220321_2/share/texmf-dist/tex/generic/xypic/xyf
rame.tex  Xy-pic option: Frame and Bracket extension v.3.14 loaded)
(/opt/homebrew/Cellar/texlive/20220321_2/share/texmf-dist/tex/generic/xypic/xyc
mtip.tex  Xy-pic option: Computer Modern tip extension v.3.7
(/opt/homebrew/Cellar/texlive/20220321_2/share/texmf-dist/tex/generic/xypic/xyt
ips.tex  Xy-pic option: More Tips extension v.3.11 loaded) loaded)
(/opt/homebrew/Cellar/texlive/20220321_2/share/texmf-dist/tex/generic/xypic/xyl
ine.tex  Xy-pic option: Line styles extension v.3.10
\xylinethick@=\dimen345
 loaded)
(/opt/homebrew/Cellar/texlive/20220321_2/share/texmf-dist/tex/generic/xypic/xyr
otate.tex  Xy-pic option: Rotate and Scale extension v.3.8 loaded)
(/opt/homebrew/Cellar/texlive/20220321_2/share/texmf-dist/tex/generic/xypic/xyc
olor.tex  Xy-pic option: Colour extension v.3.11 loaded)
(/opt/homebrew/Cellar/texlive/20220321_2/share/texmf-dist/tex/generic/xypic/xym
atrix.tex  Xy-pic option: Matrix feature v.3.14
\Row=\count362
\Col=\count363
\queue@=\toks65
\queue@@=\toks66
\qcount@=\count364
\qcount@@=\count365
\matrixsize@=\count366
 loaded)
(/opt/homebrew/Cellar/texlive/20220321_2/share/texmf-dist/tex/generic/xypic/xya
rrow.tex  Xy-pic option: Arrow and Path feature v.3.9 path, \ar, loaded)
(/opt/homebrew/Cellar/texlive/20220321_2/share/texmf-dist/tex/generic/xypic/xyg
raph.tex  Xy-pic option: Graph feature v.3.11 loaded) loaded)
(/opt/homebrew/Cellar/texlive/20220321_2/share/texmf-dist/tex/generic/xypic/xyp
df.tex  Xy-pic option: PDF driver v.1.7
Xy-pic pdf driver: `color' extension support
(/opt/homebrew/Cellar/texlive/20220321_2/share/texmf-dist/tex/generic/xypic/xyp
df-co.tex loaded) Xy-pic pdf driver: `curve' extension support
(/opt/homebrew/Cellar/texlive/20220321_2/share/texmf-dist/tex/generic/xypic/xyp
df-cu.tex loaded) Xy-pic pdf driver: `frame' extension support
(/opt/homebrew/Cellar/texlive/20220321_2/share/texmf-dist/tex/generic/xypic/xyp
df-fr.tex loaded) Xy-pic pdf driver: `line' extension support
(/opt/homebrew/Cellar/texlive/20220321_2/share/texmf-dist/tex/generic/xypic/xyp
df-li.tex loaded) Xy-pic pdf driver: `rotate' extension support
(/opt/homebrew/Cellar/texlive/20220321_2/share/texmf-dist/tex/generic/xypic/xyp
df-ro.tex loaded) loaded))
(/opt/homebrew/Cellar/texlive/20220321_2/share/texmf-dist/tex/latex/mnsymbol/Mn
Symbol.sty
Package: MnSymbol 2007/01/21 v1.4 support for the MnSymbol font
LaTeX Info: Redefining \dagger on input line 84.
LaTeX Info: Redefining \ddagger on input line 84.
LaTeX Info: Redefining \mathparagraph on input line 84.
LaTeX Info: Redefining \mathsection on input line 84.
LaTeX Info: Redefining \mathdollar on input line 84.
LaTeX Info: Redefining \mathsterling on input line 84.
LaTeX Info: Redefining \yen on input line 84.
LaTeX Info: Redefining \circledR on input line 84.
LaTeX Info: Redefining \circledS on input line 84.
LaTeX Info: Redefining \Re on input line 84.
LaTeX Info: Redefining \Im on input line 84.
LaTeX Info: Redefining \dotplus on input line 84.
LaTeX Info: Redefining \thicksim on input line 84.
LaTeX Info: Redefining \thickapprox on input line 84.
LaTeX Info: Redefining \veebar on input line 84.
LaTeX Info: Redefining \barwedge on input line 84.
LaTeX Info: Redefining \doublebarwedge on input line 84.
LaTeX Info: Redefining \centerdot on input line 84.
LaTeX Info: Redefining \divideontimes on input line 84.
\symMnSyA=\mathgroup7
\symMnSyB=\mathgroup8
\symMnSyC=\mathgroup9
\symMnSyD=\mathgroup10
LaTeX Font Info:    Redeclaring symbol font `largesymbols' on input line 119.
LaTeX Font Info:    Overwriting symbol font `largesymbols' in version `normal'
(Font)                  OMX/cmex/m/n --> OMX/MnSymbolE/m/n on input line 119.
LaTeX Font Info:    Overwriting symbol font `largesymbols' in version `bold'
(Font)                  OMX/cmex/m/n --> OMX/MnSymbolE/m/n on input line 119.
LaTeX Font Info:    Redeclaring symbol font `symbols' on input line 120.
LaTeX Font Info:    Encoding `OMS' has changed to `U' for symbol font
(Font)              `symbols' in the math version `normal' on input line 120.
LaTeX Font Info:    Overwriting symbol font `symbols' in version `normal'
(Font)                  OMS/cmsy/m/n --> U/MnSymbolF/m/n on input line 120.
LaTeX Font Info:    Encoding `OMS' has changed to `U' for symbol font
(Font)              `symbols' in the math version `bold' on input line 120.
LaTeX Font Info:    Overwriting symbol font `symbols' in version `bold'
(Font)                  OMS/cmsy/b/n --> U/MnSymbolF/m/n on input line 120.
LaTeX Font Info:    Overwriting symbol font `MnSyA' in version `bold'
(Font)                  U/MnSymbolA/m/n --> U/MnSymbolA/b/n on input line 121.
LaTeX Font Info:    Overwriting symbol font `MnSyB' in version `bold'
(Font)                  U/MnSymbolB/m/n --> U/MnSymbolB/b/n on input line 122.
LaTeX Font Info:    Overwriting symbol font `MnSyC' in version `bold'
(Font)                  U/MnSymbolC/m/n --> U/MnSymbolC/b/n on input line 123.
LaTeX Font Info:    Overwriting symbol font `MnSyD' in version `bold'
(Font)                  U/MnSymbolD/m/n --> U/MnSymbolD/b/n on input line 124.
LaTeX Font Info:    Overwriting symbol font `largesymbols' in version `bold'
(Font)                  OMX/MnSymbolE/m/n --> OMX/MnSymbolE/b/n on input line 1
25.
LaTeX Font Info:    Overwriting symbol font `symbols' in version `bold'
(Font)                  U/MnSymbolF/m/n --> U/MnSymbolF/b/n on input line 126.
LaTeX Font Info:    Redeclaring math alphabet \mathcal on input line 241.
LaTeX Font Info:    Overwriting math alphabet `\mathcal' in version `bold'
(Font)                  OMS/MnSymbolS/m/n --> OMS/MnSymbolS/b/n on input line 2
41.
LaTeX Info: Redefining \longrightarrow on input line 548.
LaTeX Info: Redefining \longleftarrow on input line 549.
LaTeX Info: Redefining \longleftrightarrow on input line 550.
LaTeX Info: Redefining \Longrightarrow on input line 551.
LaTeX Info: Redefining \Longleftarrow on input line 552.
LaTeX Info: Redefining \Longleftrightarrow on input line 553.
LaTeX Info: Redefining \longmapsto on input line 554.
LaTeX Info: Redefining \vdots on input line 868.
LaTeX Font Info:    Redeclaring math symbol \braceld on input line 1721.
LaTeX Font Info:    Redeclaring math symbol \bracelu on input line 1722.
LaTeX Font Info:    Redeclaring math symbol \bracerd on input line 1723.
LaTeX Font Info:    Redeclaring math symbol \braceru on input line 1724.
LaTeX Info: Redefining \downbracefill on input line 1799.
LaTeX Info: Redefining \upbracefill on input line 1800.
LaTeX Info: Redefining \overbrace on input line 1819.
LaTeX Info: Redefining \underbrace on input line 1820.
LaTeX Info: Redefining \surd on input line 1843.
LaTeX Font Info:    Redeclaring math accent \widehat on input line 1845.
LaTeX Font Info:    Redeclaring math accent \widetilde on input line 1846.
LaTeX Font Info:    Redeclaring math accent \vec on input line 1848.
)
(/opt/homebrew/Cellar/texlive/20220321_2/share/texmf-dist/tex/latex/wasysym/was
ysym.sty
Package: wasysym 2020/01/19 v2.4 Wasy-2 symbol support package
\symwasy=\mathgroup11
LaTeX Font Info:    Overwriting symbol font `wasy' in version `bold'
(Font)                  U/wasy/m/n --> U/wasy/b/n on input line 93.
LaTeX Font Info:    Redeclaring math symbol \invneg on input line 242.
)
(/opt/homebrew/Cellar/texlive/20220321_2/share/texmf-dist/tex/latex/venndiagram
/venndiagram.sty
Package: venndiagram 2018/06/07 v1.2 (NLCT) Venn diagrams
\@venn@Ax=\skip153
\@venn@Ay=\skip154
\@venn@Bx=\skip155
\@venn@By=\skip156
\@venn@Cx=\skip157
\@venn@Cy=\skip158
\@venn@w=\skip159
\@venn@h=\skip160
\@venn@intersect@i@x=\skip161
\@venn@intersect@i@y=\skip162
\@venn@intersect@ii@x=\skip163
\@venn@intersect@ii@y=\skip164
)
(/opt/homebrew/Cellar/texlive/20220321_2/share/texmf-dist/tex/generic/pgf/front
endlayer/tikz/libraries/tikzlibraryshapes.code.tex
File: tikzlibraryshapes.code.tex 2021/05/15 v3.1.9a (3.1.9a)

(/opt/homebrew/Cellar/texlive/20220321_2/share/texmf-dist/tex/generic/pgf/front
endlayer/tikz/libraries/tikzlibraryshapes.geometric.code.tex
File: tikzlibraryshapes.geometric.code.tex 2021/05/15 v3.1.9a (3.1.9a)

(/opt/homebrew/Cellar/texlive/20220321_2/share/texmf-dist/tex/generic/pgf/libra
ries/shapes/pgflibraryshapes.geometric.code.tex
File: pgflibraryshapes.geometric.code.tex 2021/05/15 v3.1.9a (3.1.9a)
))
(/opt/homebrew/Cellar/texlive/20220321_2/share/texmf-dist/tex/generic/pgf/front
endlayer/tikz/libraries/tikzlibraryshapes.misc.code.tex
File: tikzlibraryshapes.misc.code.tex 2021/05/15 v3.1.9a (3.1.9a)

(/opt/homebrew/Cellar/texlive/20220321_2/share/texmf-dist/tex/generic/pgf/libra
ries/shapes/pgflibraryshapes.misc.code.tex
File: pgflibraryshapes.misc.code.tex 2021/05/15 v3.1.9a (3.1.9a)
))
(/opt/homebrew/Cellar/texlive/20220321_2/share/texmf-dist/tex/generic/pgf/front
endlayer/tikz/libraries/tikzlibraryshapes.symbols.code.tex
File: tikzlibraryshapes.symbols.code.tex 2021/05/15 v3.1.9a (3.1.9a)

(/opt/homebrew/Cellar/texlive/20220321_2/share/texmf-dist/tex/generic/pgf/libra
ries/shapes/pgflibraryshapes.symbols.code.tex
File: pgflibraryshapes.symbols.code.tex 2021/05/15 v3.1.9a (3.1.9a)
))
(/opt/homebrew/Cellar/texlive/20220321_2/share/texmf-dist/tex/generic/pgf/front
endlayer/tikz/libraries/tikzlibraryshapes.arrows.code.tex
File: tikzlibraryshapes.arrows.code.tex 2021/05/15 v3.1.9a (3.1.9a)

(/opt/homebrew/Cellar/texlive/20220321_2/share/texmf-dist/tex/generic/pgf/libra
ries/shapes/pgflibraryshapes.arrows.code.tex
File: pgflibraryshapes.arrows.code.tex 2021/05/15 v3.1.9a (3.1.9a)
))
(/opt/homebrew/Cellar/texlive/20220321_2/share/texmf-dist/tex/generic/pgf/front
endlayer/tikz/libraries/tikzlibraryshapes.callouts.code.tex
(/opt/homebrew/Cellar/texlive/20220321_2/share/texmf-dist/tex/generic/pgf/libra
ries/shapes/pgflibraryshapes.callouts.code.tex))
(/opt/homebrew/Cellar/texlive/20220321_2/share/texmf-dist/tex/generic/pgf/front
endlayer/tikz/libraries/tikzlibraryshapes.multipart.code.tex
File: tikzlibraryshapes.multipart.code.tex 2021/05/15 v3.1.9a (3.1.9a)

(/opt/homebrew/Cellar/texlive/20220321_2/share/texmf-dist/tex/generic/pgf/libra
ries/shapes/pgflibraryshapes.multipart.code.tex
File: pgflibraryshapes.multipart.code.tex 2021/05/15 v3.1.9a (3.1.9a)
\pgfnodepartlowerbox=\box137
\pgfnodeparttwobox=\box138
\pgfnodepartthreebox=\box139
\pgfnodepartfourbox=\box140
\pgfnodeparttwentybox=\box141
\pgfnodepartnineteenbox=\box142
\pgfnodeparteighteenbox=\box143
\pgfnodepartseventeenbox=\box144
\pgfnodepartsixteenbox=\box145
\pgfnodepartfifteenbox=\box146
\pgfnodepartfourteenbox=\box147
\pgfnodepartthirteenbox=\box148
\pgfnodeparttwelvebox=\box149
\pgfnodepartelevenbox=\box150
\pgfnodeparttenbox=\box151
\pgfnodepartninebox=\box152
\pgfnodeparteightbox=\box153
\pgfnodepartsevenbox=\box154
\pgfnodepartsixbox=\box155
\pgfnodepartfivebox=\box156
)))
Excluding 'comment' comment.) (./main.aux (./chap1.aux) (./chap2.aux))
\openout1 = `main.aux'.

LaTeX Font Info:    Checking defaults for OML/cmm/m/it on input line 6.
LaTeX Font Info:    ... okay on input line 6.
LaTeX Font Info:    Checking defaults for OMS/cmsy/m/n on input line 6.
LaTeX Font Info:    ... okay on input line 6.
LaTeX Font Info:    Checking defaults for OT1/cmr/m/n on input line 6.
LaTeX Font Info:    ... okay on input line 6.
LaTeX Font Info:    Checking defaults for T1/cmr/m/n on input line 6.
LaTeX Font Info:    ... okay on input line 6.
LaTeX Font Info:    Checking defaults for TS1/cmr/m/n on input line 6.
LaTeX Font Info:    ... okay on input line 6.
LaTeX Font Info:    Checking defaults for OMX/cmex/m/n on input line 6.
LaTeX Font Info:    ... okay on input line 6.
LaTeX Font Info:    Checking defaults for U/cmr/m/n on input line 6.
LaTeX Font Info:    ... okay on input line 6.
LaTeX Font Info:    Checking defaults for PD1/pdf/m/n on input line 6.
LaTeX Font Info:    ... okay on input line 6.
LaTeX Font Info:    Checking defaults for PU/pdf/m/n on input line 6.
LaTeX Font Info:    ... okay on input line 6.
Package scrbase Info: activating english \contentsname on input line 6.
Package scrbase Info: activating english \listfigurename on input line 6.
Package scrbase Info: activating english \listtablename on input line 6.

(/opt/homebrew/Cellar/texlive/20220321_2/share/texmf-dist/tex/context/base/mkii
/supp-pdf.mkii
[Loading MPS to PDF converter (version 2006.09.02).]
\scratchcounter=\count367
\scratchdimen=\dimen346
\scratchbox=\box157
\nofMPsegments=\count368
\nofMParguments=\count369
\everyMPshowfont=\toks67
\MPscratchCnt=\count370
\MPscratchDim=\dimen347
\MPnumerator=\count371
\makeMPintoPDFobject=\count372
\everyMPtoPDFconversion=\toks68
)
(/opt/homebrew/Cellar/texlive/20220321_2/share/texmf-dist/tex/latex/epstopdf-pk
g/epstopdf-base.sty
Package: epstopdf-base 2020-01-24 v2.11 Base part for package epstopdf
Package epstopdf-base Info: Redefining graphics rule for `.eps' on input line 4
85.

(/opt/homebrew/Cellar/texlive/20220321_2/share/texmf-dist/tex/latex/latexconfig
/epstopdf-sys.cfg
File: epstopdf-sys.cfg 2010/07/13 v1.3 Configuration of (r)epstopdf for TeX Liv
e
))
Package hyperref Info: Link coloring ON on input line 6.

(/opt/homebrew/Cellar/texlive/20220321_2/share/texmf-dist/tex/latex/hyperref/na
meref.sty
Package: nameref 2021-04-02 v2.47 Cross-referencing by name of section

(/opt/homebrew/Cellar/texlive/20220321_2/share/texmf-dist/tex/latex/refcount/re
fcount.sty
Package: refcount 2019/12/15 v3.6 Data extraction from label references (HO)
)
(/opt/homebrew/Cellar/texlive/20220321_2/share/texmf-dist/tex/generic/gettitles
tring/gettitlestring.sty
Package: gettitlestring 2019/12/15 v1.6 Cleanup title references (HO)
)
\c@section@level=\count373
)
LaTeX Info: Redefining \ref on input line 6.
LaTeX Info: Redefining \pageref on input line 6.
LaTeX Info: Redefining \nameref on input line 6.
 (./main.out) (./main.out)
\@outlinefile=\write8
\openout8 = `main.out'.

Class scrartcl Info: loading recommended package `bookmark'.
(scrartcl)           Using `bookmark' together with `hyperref' is recommended,
(scrartcl)           because of handling of possible bookmark level gaps.
(scrartcl)           You can avoid loading `bookmark' with KOMA-Script option
(scrartcl)           `bookmarkpackage=false' before \begin{document} and
(scrartcl)           you can avoid this message adding:
(scrartcl)             \usepackage{bookmark}
(scrartcl)           before \begin{document} on input line 6.

(/opt/homebrew/Cellar/texlive/20220321_2/share/texmf-dist/tex/latex/bookmark/bo
okmark.sty
Package: bookmark 2020-11-06 v1.29 PDF bookmarks (HO)

(/opt/homebrew/Cellar/texlive/20220321_2/share/texmf-dist/tex/latex/bookmark/bk
m-pdftex.def
File: bkm-pdftex.def 2020-11-06 v1.29 bookmark driver for pdfTeX (HO)
\BKM@id=\count374
))
\c@lstlisting=\count375
LaTeX Info: Redefining \microtypecontext on input line 6.
Package microtype Info: Applying patch `item' on input line 6.
Package microtype Info: Applying patch `toc' on input line 6.
Package microtype Info: Applying patch `eqnum' on input line 6.


Package microtype Warning: Unable to apply patch `footnote' on input line 6.

Package microtype Info: Generating PDF output.
Package microtype Info: Character protrusion enabled (level 2).
Package microtype Info: Using default protrusion set `alltext'.
Package microtype Info: Automatic font expansion enabled (level 2),
(microtype)             stretch: 20, shrink: 20, step: 1, non-selected.
Package microtype Info: Using default expansion set `alltext-nott'.
LaTeX Info: Redefining \showhyphens on input line 6.
Package microtype Info: No adjustment of tracking.
Package microtype Info: No adjustment of interword spacing.
Package microtype Info: No adjustment of character kerning.

(/opt/homebrew/Cellar/texlive/20220321_2/share/texmf-dist/tex/latex/microtype/m
t-cmr.cfg
File: mt-cmr.cfg 2013/05/19 v2.2 microtype config. file: Computer Modern Roman 
(RS)
)
*geometry* driver: auto-detecting
*geometry* detected driver: pdftex
*geometry* verbose mode - [ preamble ] result:
* driver: pdftex
* paper: letterpaper
* layout: <same size as paper>
* layoutoffset:(h,v)=(0.0pt,0.0pt)
* modes: 
* h-part:(L,W,R)=(72.26999pt, 469.75502pt, 72.26999pt)
* v-part:(T,H,B)=(57.81621pt, 679.33757pt, 57.81621pt)
* \paperwidth=614.295pt
* \paperheight=794.96999pt
* \textwidth=469.75502pt
* \textheight=679.33757pt
* \oddsidemargin=0.0pt
* \evensidemargin=0.0pt
* \topmargin=-42.57878pt
* \headheight=18.125pt
* \headsep=10.0pt
* \topskip=12.0pt
* \footskip=36.135pt
* \marginparwidth=76.78687pt
* \marginparsep=12.8401pt
* \columnsep=10.0pt
* \skip\footins=10.8pt plus 4.0pt minus 2.0pt
* \hoffset=0.0pt
* \voffset=0.0pt
* \mag=1000
* \@twocolumnfalse
* \@twosidefalse
* \@mparswitchfalse
* \@reversemarginfalse
* (1in=72.27pt=25.4mm, 1cm=28.453pt)

Package pgfplots notification 'compat/show suggested version=true': you might b
enefit from \pgfplotsset{compat=1.18} (current compat level: 1.15).

Package microtype Info: Fixing zero \fontdimen 6 for font `OMX/MnSymbolE/m/n/12
'
(microtype)             (new value: 12.0pt) on input line 6.
Package microtype Info: Fixing zero \fontdimen 6 for font `OMX/MnSymbolE/m/n/8'

(microtype)             (new value: 8.0pt) on input line 6.
Package microtype Info: Fixing zero \fontdimen 6 for font `OMX/MnSymbolE/m/n/6'

(microtype)             (new value: 6.0pt) on input line 6.
LaTeX Font Info:    Trying to load font information for U+msa on input line 6.

(/opt/homebrew/Cellar/texlive/20220321_2/share/texmf-dist/tex/latex/amsfonts/um
sa.fd
File: umsa.fd 2013/01/14 v3.01 AMS symbols A
)
(/opt/homebrew/Cellar/texlive/20220321_2/share/texmf-dist/tex/latex/microtype/m
t-msa.cfg
File: mt-msa.cfg 2006/02/04 v1.1 microtype config. file: AMS symbols (a) (RS)
)
LaTeX Font Info:    Trying to load font information for U+msb on input line 6.

(/opt/homebrew/Cellar/texlive/20220321_2/share/texmf-dist/tex/latex/amsfonts/um
sb.fd
File: umsb.fd 2013/01/14 v3.01 AMS symbols B
)
(/opt/homebrew/Cellar/texlive/20220321_2/share/texmf-dist/tex/latex/microtype/m
t-msb.cfg
File: mt-msb.cfg 2005/06/01 v1.0 microtype config. file: AMS symbols (b) (RS)
)
LaTeX Font Info:    Trying to load font information for U+rsfs on input line 6.


(/opt/homebrew/Cellar/texlive/20220321_2/share/texmf-dist/tex/latex/jknapltx/ur
sfs.fd
File: ursfs.fd 1998/03/24 rsfs font definition file (jk)
)
Package microtype Info: Fixing zero \fontdimen 6 for font `U/MnSymbolA/m/n/12'
(microtype)             (new value: 12.0pt) on input line 6.
Package microtype Info: Fixing zero \fontdimen 6 for font `U/MnSymbolA/m/n/8'
(microtype)             (new value: 8.0pt) on input line 6.
Package microtype Info: Fixing zero \fontdimen 6 for font `U/MnSymbolA/m/n/6'
(microtype)             (new value: 6.0pt) on input line 6.
Package microtype Info: Fixing zero \fontdimen 6 for font `U/MnSymbolB/m/n/12'
(microtype)             (new value: 12.0pt) on input line 6.
Package microtype Info: Fixing zero \fontdimen 6 for font `U/MnSymbolB/m/n/8'
(microtype)             (new value: 8.0pt) on input line 6.
Package microtype Info: Fixing zero \fontdimen 6 for font `U/MnSymbolB/m/n/6'
(microtype)             (new value: 6.0pt) on input line 6.
Package microtype Info: Fixing zero \fontdimen 6 for font `U/MnSymbolC/m/n/12'
(microtype)             (new value: 12.0pt) on input line 6.
Package microtype Info: Fixing zero \fontdimen 6 for font `U/MnSymbolC/m/n/8'
(microtype)             (new value: 8.0pt) on input line 6.
Package microtype Info: Fixing zero \fontdimen 6 for font `U/MnSymbolC/m/n/6'
(microtype)             (new value: 6.0pt) on input line 6.
Package microtype Info: Fixing zero \fontdimen 6 for font `U/MnSymbolD/m/n/12'
(microtype)             (new value: 12.0pt) on input line 6.
Package microtype Info: Fixing zero \fontdimen 6 for font `U/MnSymbolD/m/n/8'
(microtype)             (new value: 8.0pt) on input line 6.
Package microtype Info: Fixing zero \fontdimen 6 for font `U/MnSymbolD/m/n/6'
(microtype)             (new value: 6.0pt) on input line 6.
LaTeX Font Info:    Trying to load font information for U+wasy on input line 6.


(/opt/homebrew/Cellar/texlive/20220321_2/share/texmf-dist/tex/latex/wasysym/uwa
sy.fd
File: uwasy.fd 2020/01/19 v2.4 Wasy-2 symbol font definitions
)
Package xypdf Info: Line width: 0.5397pt on input line 6.
 [1

{/opt/homebrew/Cellar/texlive/20220321_2/share/texmf-dist/fonts/map/pdftex/updm
ap/pdftex.map}]
Package microtype Info: Loading generic protrusion settings for font family
(microtype)             `cmss' (encoding: OT1).
(microtype)             For optimal results, create family-specific settings.
(microtype)             See the microtype manual for details.
Package tocbasic Info: character protrusion at toc deactivated on input line 16
.
 (./main.toc)
\tf@toc=\write9
\openout9 = `main.toc'.

 [2]
\openout2 = `chap1.aux'.

 (./chap1.tex) [3

]
\openout2 = `chap2.aux'.

 (./chap2.tex
Package mdframed Info: mdframed detected package amsthm 
 changed the theorem header of amsthm
(mdframed)              on input line 5.
Package hyperref Info: bookmark level for unknown definition defaults to 0 on i
nput line 5.

(/opt/homebrew/Cellar/texlive/20220321_2/share/texmf-dist/tex/latex/listings/ls
tlang1.sty
File: lstlang1.sty 2020/03/24 1.8d listings language file
)
Package microtype Info: Loading generic protrusion settings for font family
(microtype)             `cmtt' (encoding: OT1).
(microtype)             For optimal results, create family-specific settings.
(microtype)             See the microtype manual for details.
Package microtype Info: Fixing zero \fontdimen 6 for font `OMX/MnSymbolE/m/n/10
'
(microtype)             (new value: 10.0pt) on input line 12.
Package microtype Info: Fixing zero \fontdimen 6 for font `OMX/MnSymbolE/m/n/7'

(microtype)             (new value: 7.0pt) on input line 12.
Package microtype Info: Fixing zero \fontdimen 6 for font `OMX/MnSymbolE/m/n/5'

(microtype)             (new value: 5.0pt) on input line 12.
Package microtype Info: Fixing zero \fontdimen 6 for font `U/MnSymbolA/m/n/10'
(microtype)             (new value: 10.0pt) on input line 12.
Package microtype Info: Fixing zero \fontdimen 6 for font `U/MnSymbolA/m/n/7'
(microtype)             (new value: 7.0pt) on input line 12.
Package microtype Info: Fixing zero \fontdimen 6 for font `U/MnSymbolA/m/n/5'
(microtype)             (new value: 5.0pt) on input line 12.
Package microtype Info: Fixing zero \fontdimen 6 for font `U/MnSymbolB/m/n/10'
(microtype)             (new value: 10.0pt) on input line 12.
Package microtype Info: Fixing zero \fontdimen 6 for font `U/MnSymbolB/m/n/7'
(microtype)             (new value: 7.0pt) on input line 12.
Package microtype Info: Fixing zero \fontdimen 6 for font `U/MnSymbolB/m/n/5'
(microtype)             (new value: 5.0pt) on input line 12.
Package microtype Info: Fixing zero \fontdimen 6 for font `U/MnSymbolC/m/n/10'
(microtype)             (new value: 10.0pt) on input line 12.
Package microtype Info: Fixing zero \fontdimen 6 for font `U/MnSymbolC/m/n/7'
(microtype)             (new value: 7.0pt) on input line 12.
Package microtype Info: Fixing zero \fontdimen 6 for font `U/MnSymbolC/m/n/5'
(microtype)             (new value: 5.0pt) on input line 12.
Package microtype Info: Fixing zero \fontdimen 6 for font `U/MnSymbolD/m/n/10'
(microtype)             (new value: 10.0pt) on input line 12.
Package microtype Info: Fixing zero \fontdimen 6 for font `U/MnSymbolD/m/n/7'
(microtype)             (new value: 7.0pt) on input line 12.
Package microtype Info: Fixing zero \fontdimen 6 for font `U/MnSymbolD/m/n/5'
(microtype)             (new value: 5.0pt) on input line 12.
Package mdframed Info: mdframed detected package amsthm 
 changed the theorem header of amsthm
(mdframed)              on input line 36.
Package hyperref Info: bookmark level for unknown theorem defaults to 0 on inpu
t line 36.
Package mdframed Info: mdframed detected package amsthm 
 changed the theorem header of amsthm
(mdframed)              on input line 49.
 [4



]
Package mdframed Info: mdframed detected package amsthm 
 changed the theorem header of amsthm
(mdframed)              on input line 86.
Package mdframed Info: mdframed detected package amsthm 
 changed the theorem header of amsthm
(mdframed)              on input line 94.
) [5] (./main.aux (./chap1.aux) (./chap2.aux))
Package rerunfilecheck Info: File `main.out' has not changed.
(rerunfilecheck)             Checksum: D41D8CD98F00B204E9800998ECF8427E;0.
 ) 
Here is how much of TeX's memory you used:
 55187 strings out of 478268
 1234717 string characters out of 5835366
 2128728 words of memory out of 5000000
 72357 multiletter control sequences out of 15000+600000
 492942 words of font info for 143 fonts, out of 8000000 for 9000
 1141 hyphenation exceptions out of 8191
 123i,19n,127p,10640b,2158s stack positions out of 10000i,1000n,20000p,200000b,200000s
{/opt/homebrew/Cellar/texlive/20220321_2/share/texmf-dist/fonts/enc/dvips/mns
ymbol/MnSymbolC.enc}{/opt/homebrew/Cellar/texlive/20220321_2/share/texmf-dist/f
onts/enc/dvips/mnsymbol/MnSymbolD.enc}{/opt/homebrew/Cellar/texlive/20220321_2/
share/texmf-dist/fonts/enc/dvips/mnsymbol/MnSymbolE.enc}</opt/homebrew/Cellar/t
exlive/20220321_2/share/texmf-dist/fonts/type1/public/mnsymbol/MnSymbol10.pfb><
/opt/homebrew/Cellar/texlive/20220321_2/share/texmf-dist/fonts/type1/public/mns
ymbol/MnSymbol12.pfb></opt/homebrew/Cellar/texlive/20220321_2/share/texmf-dist/
fonts/type1/public/mnsymbol/MnSymbol7.pfb></opt/homebrew/Cellar/texlive/2022032
1_2/share/texmf-dist/fonts/type1/public/amsfonts/cm/cmbx12.pfb></opt/homebrew/C
ellar/texlive/20220321_2/share/texmf-dist/fonts/type1/public/amsfonts/cm/cmmi10
.pfb></opt/homebrew/Cellar/texlive/20220321_2/share/texmf-dist/fonts/type1/publ
ic/amsfonts/cm/cmmi12.pfb></opt/homebrew/Cellar/texlive/20220321_2/share/texmf-
dist/fonts/type1/public/amsfonts/cm/cmmi6.pfb></opt/homebrew/Cellar/texlive/202
20321_2/share/texmf-dist/fonts/type1/public/amsfonts/cm/cmmi7.pfb></opt/homebre
w/Cellar/texlive/20220321_2/share/texmf-dist/fonts/type1/public/amsfonts/cm/cmm
i8.pfb></opt/homebrew/Cellar/texlive/20220321_2/share/texmf-dist/fonts/type1/pu
blic/amsfonts/cm/cmr10.pfb></opt/homebrew/Cellar/texlive/20220321_2/share/texmf
-dist/fonts/type1/public/amsfonts/cm/cmr12.pfb></opt/homebrew/Cellar/texlive/20
220321_2/share/texmf-dist/fonts/type1/public/amsfonts/cm/cmr6.pfb></opt/homebre
w/Cellar/texlive/20220321_2/share/texmf-dist/fonts/type1/public/amsfonts/cm/cmr
7.pfb></opt/homebrew/Cellar/texlive/20220321_2/share/texmf-dist/fonts/type1/pub
lic/amsfonts/cm/cmr8.pfb></opt/homebrew/Cellar/texlive/20220321_2/share/texmf-d
ist/fonts/type1/public/amsfonts/cm/cmss12.pfb></opt/homebrew/Cellar/texlive/202
20321_2/share/texmf-dist/fonts/type1/public/amsfonts/cm/cmssbx10.pfb></opt/home
brew/Cellar/texlive/20220321_2/share/texmf-dist/fonts/type1/public/amsfonts/cm/
cmti12.pfb></opt/homebrew/Cellar/texlive/20220321_2/share/texmf-dist/fonts/type
1/public/amsfonts/cm/cmtt10.pfb>
Output written on main.pdf (5 pages, 234270 bytes).
PDF statistics:
 237 PDF objects out of 1000 (max. 8388607)
 188 compressed objects within 2 object streams
 60 named destinations out of 1000 (max. 500000)
 27725 words of extra memory for PDF output out of 29859 (max. 10000000)

